# JRE version: Java(TM) SE Runtime Environment (8.0_73-b02) (build 1.8.0_73-b02)
# Java VM: Java HotSpot(TM) 64-Bit Server VM (25.73-b02 mixed mode windows-amd64 compressed oops)
Heap:
 PSYoungGen      total 20992K, used 11676K [0x00000000eda00000, 0x00000000ef580000, 0x0000000100000000)
  eden space 13824K, 80% used [0x00000000eda00000,0x00000000ee4e2f10,0x00000000ee780000)
  from space 7168K, 7% used [0x00000000ee780000,0x00000000ee8041e8,0x00000000eee80000)
  to   space 7168K, 0% used [0x00000000eee80000,0x00000000eee80000,0x00000000ef580000)
 ParOldGen       total 29184K, used 11514K [0x00000000c8e00000, 0x00000000caa80000, 0x00000000eda00000)
  object space 29184K, 39% used [0x00000000c8e00000,0x00000000c993e8e8,0x00000000caa80000)
 Metaspace       used 23292K, capacity 24164K, committed 24448K, reserved 1071104K
  class space    used 2853K, capacity 3084K, committed 3200K, reserved 1048576K
GC Heap History (10 events):
Event: 202.827 GC heap before
{Heap before GC invocations=10 (full 1):
 PSYoungGen      total 20480K, used 15210K [0x00000000eda00000, 0x00000000ef480000, 0x0000000100000000)
  eden space 13824K, 100% used [0x00000000eda00000,0x00000000ee780000,0x00000000ee780000)
  from space 6656K, 20% used [0x00000000eee00000,0x00000000eef5a960,0x00000000ef480000)
  to   space 6656K, 0% used [0x00000000ee780000,0x00000000ee780000,0x00000000eee00000)
 ParOldGen       total 29184K, used 10496K [0x00000000c8e00000, 0x00000000caa80000, 0x00000000eda00000)
  object space 29184K, 35% used [0x00000000c8e00000,0x00000000c9840068,0x00000000caa80000)
 Metaspace       used 22680K, capacity 23486K, committed 23808K, reserved 1071104K
  class space    used 2823K, capacity 3025K, committed 3072K, reserved 1048576K
Event: 202.832 GC heap after
Heap after GC invocations=10 (full 1):
 PSYoungGen      total 20480K, used 1242K [0x00000000eda00000, 0x00000000ef580000, 0x0000000100000000)
  eden space 13824K, 0% used [0x00000000eda00000,0x00000000eda00000,0x00000000ee780000)
  from space 6656K, 18% used [0x00000000ee780000,0x00000000ee8b6950,0x00000000eee00000)
  to   space 7168K, 0% used [0x00000000eee80000,0x00000000eee80000,0x00000000ef580000)
 ParOldGen       total 29184K, used 10504K [0x00000000c8e00000, 0x00000000caa80000, 0x00000000eda00000)
  object space 29184K, 35% used [0x00000000c8e00000,0x00000000c9842068,0x00000000caa80000)
 Metaspace       used 22680K, capacity 23486K, committed 23808K, reserved 1071104K
  class space    used 2823K, capacity 3025K, committed 3072K, reserved 1048576K
}
Event: 204.180 GC heap before
{Heap before GC invocations=11 (full 1):
 PSYoungGen      total 20480K, used 15066K [0x00000000eda00000, 0x00000000ef580000, 0x0000000100000000)
  eden space 13824K, 100% used [0x00000000eda00000,0x00000000ee780000,0x00000000ee780000)
  from space 6656K, 18% used [0x00000000ee780000,0x00000000ee8b6950,0x00000000eee00000)
  to   space 7168K, 0% used [0x00000000eee80000,0x00000000eee80000,0x00000000ef580000)
 ParOldGen       total 29184K, used 10504K [0x00000000c8e00000, 0x00000000caa80000, 0x00000000eda00000)
  object space 29184K, 35% used [0x00000000c8e00000,0x00000000c9842068,0x00000000caa80000)
 Metaspace       used 22703K, capacity 23486K, committed 23808K, reserved 1071104K
  class space    used 2823K, capacity 3025K, committed 3072K, reserved 1048576K
Event: 204.190 GC heap after
Heap after GC invocations=11 (full 1):
 PSYoungGen      total 20992K, used 536K [0x00000000eda00000, 0x00000000ef580000, 0x0000000100000000)
  eden space 13824K, 0% used [0x00000000eda00000,0x00000000eda00000,0x00000000ee780000)
  from space 7168K, 7% used [0x00000000eee80000,0x00000000eef06130,0x00000000ef580000)
  to   space 7168K, 0% used [0x00000000ee780000,0x00000000ee780000,0x00000000eee80000)
 ParOldGen       total 29184K, used 11418K [0x00000000c8e00000, 0x00000000caa80000, 0x00000000eda00000)
  object space 29184K, 39% used [0x00000000c8e00000,0x00000000c99268d8,0x00000000caa80000)
 Metaspace       used 22703K, capacity 23486K, committed 23808K, reserved 1071104K
  class space    used 2823K, capacity 3025K, committed 3072K, reserved 1048576K
}
Event: 212.431 GC heap before
{Heap before GC invocations=12 (full 1):
 PSYoungGen      total 20992K, used 14360K [0x00000000eda00000, 0x00000000ef580000, 0x0000000100000000)
  eden space 13824K, 100% used [0x00000000eda00000,0x00000000ee780000,0x00000000ee780000)
  from space 7168K, 7% used [0x00000000eee80000,0x00000000eef06130,0x00000000ef580000)
  to   space 7168K, 0% used [0x00000000ee780000,0x00000000ee780000,0x00000000eee80000)
 ParOldGen       total 29184K, used 11418K [0x00000000c8e00000, 0x00000000caa80000, 0x00000000eda00000)
  object space 29184K, 39% used [0x00000000c8e00000,0x00000000c99268d8,0x00000000caa80000)
 Metaspace       used 22958K, capacity 23712K, committed 24064K, reserved 1071104K
  class space    used 2834K, capacity 3030K, committed 3072K, reserved 1048576K
Event: 212.440 GC heap after
Heap after GC invocations=12 (full 1):
 PSYoungGen      total 20992K, used 256K [0x00000000eda00000, 0x00000000ef580000, 0x0000000100000000)
  eden space 13824K, 0% used [0x00000000eda00000,0x00000000eda00000,0x00000000ee780000)
  from space 7168K, 3% used [0x00000000ee780000,0x00000000ee7c0000,0x00000000eee80000)
  to   space 7168K, 0% used [0x00000000eee80000,0x00000000eee80000,0x00000000ef580000)
 ParOldGen       total 29184K, used 11442K [0x00000000c8e00000, 0x00000000caa80000, 0x00000000eda00000)
  object space 29184K, 39% used [0x00000000c8e00000,0x00000000c992c8e8,0x00000000caa80000)
 Metaspace       used 22958K, capacity 23712K, committed 24064K, reserved 1071104K
  class space    used 2834K, capacity 3030K, committed 3072K, reserved 1048576K
}
Event: 216.050 GC heap before
{Heap before GC invocations=13 (full 1):
 PSYoungGen      total 20992K, used 14080K [0x00000000eda00000, 0x00000000ef580000, 0x0000000100000000)
  eden space 13824K, 100% used [0x00000000eda00000,0x00000000ee780000,0x00000000ee780000)
  from space 7168K, 3% used [0x00000000ee780000,0x00000000ee7c0000,0x00000000eee80000)
  to   space 7168K, 0% used [0x00000000eee80000,0x00000000eee80000,0x00000000ef580000)
 ParOldGen       total 29184K, used 11442K [0x00000000c8e00000, 0x00000000caa80000, 0x00000000eda00000)
  object space 29184K, 39% used [0x00000000c8e00000,0x00000000c992c8e8,0x00000000caa80000)
 Metaspace       used 23054K, capacity 23848K, committed 24064K, reserved 1071104K
  class space    used 2836K, capacity 3030K, committed 3072K, reserved 1048576K
Event: 216.052 GC heap after
Heap after GC invocations=13 (full 1):
 PSYoungGen      total 20992K, used 192K [0x00000000eda00000, 0x00000000ef580000, 0x0000000100000000)
  eden space 13824K, 0% used [0x00000000eda00000,0x00000000eda00000,0x00000000ee780000)
  from space 7168K, 2% used [0x00000000eee80000,0x00000000eeeb0000,0x00000000ef580000)
  to   space 7168K, 0% used [0x00000000ee780000,0x00000000ee780000,0x00000000eee80000)
 ParOldGen       total 29184K, used 11482K [0x00000000c8e00000, 0x00000000caa80000, 0x00000000eda00000)
  object space 29184K, 39% used [0x00000000c8e00000,0x00000000c99368e8,0x00000000caa80000)
 Metaspace       used 23054K, capacity 23848K, committed 24064K, reserved 1071104K
  class space    used 2836K, capacity 3030K, committed 3072K, reserved 1048576K
}
Event: 220.586 GC heap before
{Heap before GC invocations=14 (full 1):
 PSYoungGen      total 20992K, used 14016K [0x00000000eda00000, 0x00000000ef580000, 0x0000000100000000)
  eden space 13824K, 100% used [0x00000000eda00000,0x00000000ee780000,0x00000000ee780000)
  from space 7168K, 2% used [0x00000000eee80000,0x00000000eeeb0000,0x00000000ef580000)
  to   space 7168K, 0% used [0x00000000ee780000,0x00000000ee780000,0x00000000eee80000)
 ParOldGen       total 29184K, used 11482K [0x00000000c8e00000, 0x00000000caa80000, 0x00000000eda00000)
  object space 29184K, 39% used [0x00000000c8e00000,0x00000000c99368e8,0x00000000caa80000)
 Metaspace       used 23079K, capacity 23854K, committed 24064K, reserved 1071104K
  class space    used 2836K, capacity 3031K, committed 3072K, reserved 1048576K
Event: 220.587 GC heap after
Heap after GC invocations=14 (full 1):
 PSYoungGen      total 20992K, used 528K [0x00000000eda00000, 0x00000000ef580000, 0x0000000100000000)
  eden space 13824K, 0% used [0x00000000eda00000,0x00000000eda00000,0x00000000ee780000)
  from space 7168K, 7% used [0x00000000ee780000,0x00000000ee8041e8,0x00000000eee80000)
  to   space 7168K, 0% used [0x00000000eee80000,0x00000000eee80000,0x00000000ef580000)
 ParOldGen       total 29184K, used 11514K [0x00000000c8e00000, 0x00000000caa80000, 0x00000000eda00000)
  object space 29184K, 39% used [0x00000000c8e00000,0x00000000c993e8e8,0x00000000caa80000)
 Metaspace       used 23079K, capacity 23854K, committed 24064K, reserved 1071104K
  class space    used 2836K, capacity 3031K, committed 3072K, reserved 1048576K
}

