<?xml version="1.0" encoding="UTF-8"?>
<!-- Generated by org.testng.reporters.JUnitXMLReporter -->
<testsuite hostname="wangwenting1117" ignored="0" name="gaoqingxin" tests="71" failures="0" timestamp="17 十二月 2019 01:50:02 GMT" time="44.024" errors="0">
  <testcase name="@BeforeClass doBeforeClass" time="42.981" classname="com.edu.test.BaseTest">
    <failure type="org.openqa.selenium.WebDriverException" message="permission denied
Build info: version: &amp;apos;3.141.59&amp;apos;, revision: &amp;apos;e82be7d358&amp;apos;, time: &amp;apos;2018-11-14T08:25:53&amp;apos;
System info: host: &amp;apos;WANGWENTING1117&amp;apos;, ip: &amp;apos;169.254.7.175&amp;apos;, os.name: &amp;apos;Windows 10&amp;apos;, os.arch: &amp;apos;amd64&amp;apos;, os.version: &amp;apos;10.0&amp;apos;, java.version: &amp;apos;1.8.0_73&amp;apos;
Driver info: driver.version: FirefoxDriver
remote stacktrace: ">
      <![CDATA[org.openqa.selenium.WebDriverException: permission denied
Build info: version: '3.141.59', revision: 'e82be7d358', time: '2018-11-14T08:25:53'
System info: host: 'WANGWENTING1117', ip: '169.254.7.175', os.name: 'Windows 10', os.arch: 'amd64', os.version: '10.0', java.version: '1.8.0_73'
Driver info: driver.version: FirefoxDriver
remote stacktrace: 
at org.openqa.selenium.remote.W3CHandshakeResponse.lambda$errorHandler$0(W3CHandshakeResponse.java:62)
at org.openqa.selenium.remote.HandshakeResponse.lambda$getResponseFunction$0(HandshakeResponse.java:30)
at org.openqa.selenium.remote.ProtocolHandshake.lambda$createSession$0(ProtocolHandshake.java:126)
at java.util.stream.ReferencePipeline$3$1.accept(Unknown Source)
at java.util.Spliterators$ArraySpliterator.tryAdvance(Unknown Source)
at java.util.stream.ReferencePipeline.forEachWithCancel(Unknown Source)
at java.util.stream.AbstractPipeline.copyIntoWithCancel(Unknown Source)
at java.util.stream.AbstractPipeline.copyInto(Unknown Source)
at java.util.stream.AbstractPipeline.wrapAndCopyInto(Unknown Source)
at java.util.stream.FindOps$FindOp.evaluateSequential(Unknown Source)
at java.util.stream.AbstractPipeline.evaluate(Unknown Source)
at java.util.stream.ReferencePipeline.findFirst(Unknown Source)
at org.openqa.selenium.remote.ProtocolHandshake.createSession(ProtocolHandshake.java:128)
at org.openqa.selenium.remote.ProtocolHandshake.createSession(ProtocolHandshake.java:74)
at org.openqa.selenium.remote.HttpCommandExecutor.execute(HttpCommandExecutor.java:136)
at org.openqa.selenium.remote.service.DriverCommandExecutor.execute(DriverCommandExecutor.java:83)
at org.openqa.selenium.remote.RemoteWebDriver.execute(RemoteWebDriver.java:552)
at org.openqa.selenium.remote.RemoteWebDriver.startSession(RemoteWebDriver.java:213)
at org.openqa.selenium.remote.RemoteWebDriver.<init>(RemoteWebDriver.java:131)
at org.openqa.selenium.firefox.FirefoxDriver.<init>(FirefoxDriver.java:147)
at org.openqa.selenium.firefox.FirefoxDriver.<init>(FirefoxDriver.java:125)
at com.edu.test.BaseTest.newWebDriver(BaseTest.java:48)
at com.edu.test.BaseTest.doBeforeClass(BaseTest.java:79)
... Removed 30 stack frames]]>
    </failure>
  </testcase> <!-- @BeforeClass doBeforeClass -->
  <testcase name="adminLogin" time="0.0" classname="com.edu.test.TestCases">
    <skipped/>
  </testcase> <!-- adminLogin -->
  <testcase name="adminregister" time="0.0" classname="com.edu.test.TestCases">
    <skipped/>
  </testcase> <!-- adminregister -->
  <testcase name="authorLogin" time="0.0" classname="com.edu.test.TestCases">
    <skipped/>
  </testcase> <!-- authorLogin -->
  <testcase name="authorregister" time="0.0" classname="com.edu.test.TestCases">
    <skipped/>
  </testcase> <!-- authorregister -->
  <testcase name="editorLogin" time="0.0" classname="com.edu.test.TestCases">
    <skipped/>
  </testcase> <!-- editorLogin -->
  <testcase name="editorregister" time="0.0" classname="com.edu.test.TestCases">
    <skipped/>
  </testcase> <!-- editorregister -->
  <testcase name="login" time="0.0" classname="com.edu.test.TestCases">
    <skipped/>
  </testcase> <!-- login -->
  <testcase name="login" time="0.0" classname="com.edu.test.TestCases">
    <skipped/>
  </testcase> <!-- login -->
  <testcase name="login" time="0.0" classname="com.edu.test.TestCases">
    <skipped/>
  </testcase> <!-- login -->
  <testcase name="login" time="0.0" classname="com.edu.test.TestCases">
    <skipped/>
  </testcase> <!-- login -->
  <testcase name="login" time="0.0" classname="com.edu.test.TestCases">
    <skipped/>
  </testcase> <!-- login -->
  <testcase name="login" time="0.0" classname="com.edu.test.TestCases">
    <skipped/>
  </testcase> <!-- login -->
  <testcase name="login" time="0.0" classname="com.edu.test.TestCases">
    <skipped/>
  </testcase> <!-- login -->
  <testcase name="login" time="0.0" classname="com.edu.test.TestCases">
    <skipped/>
  </testcase> <!-- login -->
  <testcase name="login" time="0.0" classname="com.edu.test.TestCases">
    <skipped/>
  </testcase> <!-- login -->
  <testcase name="login" time="0.0" classname="com.edu.test.TestCases">
    <skipped/>
  </testcase> <!-- login -->
  <testcase name="readerLogin" time="0.0" classname="com.edu.test.TestCases">
    <skipped/>
  </testcase> <!-- readerLogin -->
  <testcase name="readerregister" time="0.0" classname="com.edu.test.TestCases">
    <skipped/>
  </testcase> <!-- readerregister -->
  <testcase name="register" time="0.0" classname="com.edu.test.TestCases">
    <skipped/>
  </testcase> <!-- register -->
  <testcase name="register" time="0.0" classname="com.edu.test.TestCases">
    <skipped/>
  </testcase> <!-- register -->
  <testcase name="register" time="0.0" classname="com.edu.test.TestCases">
    <skipped/>
  </testcase> <!-- register -->
  <testcase name="register" time="0.0" classname="com.edu.test.TestCases">
    <skipped/>
  </testcase> <!-- register -->
  <testcase name="register" time="0.0" classname="com.edu.test.TestCases">
    <skipped/>
  </testcase> <!-- register -->
  <testcase name="register" time="0.0" classname="com.edu.test.TestCases">
    <skipped/>
  </testcase> <!-- register -->
  <testcase name="register" time="0.0" classname="com.edu.test.TestCases">
    <skipped/>
  </testcase> <!-- register -->
  <testcase name="register1" time="0.0" classname="com.edu.test.TestCases">
    <skipped/>
  </testcase> <!-- register1 -->
  <testcase name="register1" time="0.0" classname="com.edu.test.TestCases">
    <skipped/>
  </testcase> <!-- register1 -->
  <testcase name="register1" time="0.0" classname="com.edu.test.TestCases">
    <skipped/>
  </testcase> <!-- register1 -->
  <testcase name="register1" time="0.0" classname="com.edu.test.TestCases">
    <skipped/>
  </testcase> <!-- register1 -->
  <testcase name="register1" time="0.0" classname="com.edu.test.TestCases">
    <skipped/>
  </testcase> <!-- register1 -->
  <testcase name="register1" time="0.0" classname="com.edu.test.TestCases">
    <skipped/>
  </testcase> <!-- register1 -->
  <testcase name="register1" time="0.0" classname="com.edu.test.TestCases">
    <skipped/>
  </testcase> <!-- register1 -->
  <testcase name="register2" time="0.0" classname="com.edu.test.TestCases">
    <skipped/>
  </testcase> <!-- register2 -->
  <testcase name="register2" time="0.0" classname="com.edu.test.TestCases">
    <skipped/>
  </testcase> <!-- register2 -->
  <testcase name="register2" time="0.0" classname="com.edu.test.TestCases">
    <skipped/>
  </testcase> <!-- register2 -->
  <testcase name="register2" time="0.0" classname="com.edu.test.TestCases">
    <skipped/>
  </testcase> <!-- register2 -->
  <testcase name="register2" time="0.0" classname="com.edu.test.TestCases">
    <skipped/>
  </testcase> <!-- register2 -->
  <testcase name="register2" time="0.0" classname="com.edu.test.TestCases">
    <skipped/>
  </testcase> <!-- register2 -->
  <testcase name="register2" time="0.0" classname="com.edu.test.TestCases">
    <skipped/>
  </testcase> <!-- register2 -->
  <testcase name="register3" time="0.0" classname="com.edu.test.TestCases">
    <skipped/>
  </testcase> <!-- register3 -->
  <testcase name="register3" time="0.0" classname="com.edu.test.TestCases">
    <skipped/>
  </testcase> <!-- register3 -->
  <testcase name="register3" time="0.0" classname="com.edu.test.TestCases">
    <skipped/>
  </testcase> <!-- register3 -->
  <testcase name="register3" time="0.0" classname="com.edu.test.TestCases">
    <skipped/>
  </testcase> <!-- register3 -->
  <testcase name="register3" time="0.0" classname="com.edu.test.TestCases">
    <skipped/>
  </testcase> <!-- register3 -->
  <testcase name="register3" time="0.0" classname="com.edu.test.TestCases">
    <skipped/>
  </testcase> <!-- register3 -->
  <testcase name="register3" time="0.0" classname="com.edu.test.TestCases">
    <skipped/>
  </testcase> <!-- register3 -->
  <testcase name="register4" time="0.0" classname="com.edu.test.TestCases">
    <skipped/>
  </testcase> <!-- register4 -->
  <testcase name="register4" time="0.0" classname="com.edu.test.TestCases">
    <skipped/>
  </testcase> <!-- register4 -->
  <testcase name="register4" time="0.0" classname="com.edu.test.TestCases">
    <skipped/>
  </testcase> <!-- register4 -->
  <testcase name="register4" time="0.0" classname="com.edu.test.TestCases">
    <skipped/>
  </testcase> <!-- register4 -->
  <testcase name="register4" time="0.0" classname="com.edu.test.TestCases">
    <skipped/>
  </testcase> <!-- register4 -->
  <testcase name="register4" time="0.0" classname="com.edu.test.TestCases">
    <skipped/>
  </testcase> <!-- register4 -->
  <testcase name="register4" time="0.0" classname="com.edu.test.TestCases">
    <skipped/>
  </testcase> <!-- register4 -->
  <testcase name="up" time="0.0" classname="com.edu.test.TestCases">
    <skipped/>
  </testcase> <!-- up -->
  <testcase name="up" time="0.0" classname="com.edu.test.TestCases">
    <skipped/>
  </testcase> <!-- up -->
  <testcase name="up" time="0.0" classname="com.edu.test.TestCases">
    <skipped/>
  </testcase> <!-- up -->
  <testcase name="up" time="0.0" classname="com.edu.test.TestCases">
    <skipped/>
  </testcase> <!-- up -->
  <testcase name="up" time="0.0" classname="com.edu.test.TestCases">
    <skipped/>
  </testcase> <!-- up -->
  <testcase name="up" time="0.0" classname="com.edu.test.TestCases">
    <skipped/>
  </testcase> <!-- up -->
  <testcase name="up" time="0.0" classname="com.edu.test.TestCases">
    <skipped/>
  </testcase> <!-- up -->
  <testcase name="up" time="0.0" classname="com.edu.test.TestCases">
    <skipped/>
  </testcase> <!-- up -->
  <testcase name="up" time="0.0" classname="com.edu.test.TestCases">
    <skipped/>
  </testcase> <!-- up -->
  <testcase name="up" time="0.0" classname="com.edu.test.TestCases">
    <skipped/>
  </testcase> <!-- up -->
  <testcase name="up" time="0.0" classname="com.edu.test.TestCases">
    <skipped/>
  </testcase> <!-- up -->
  <testcase name="up" time="0.0" classname="com.edu.test.TestCases">
    <skipped/>
  </testcase> <!-- up -->
  <testcase name="up" time="0.0" classname="com.edu.test.TestCases">
    <skipped/>
  </testcase> <!-- up -->
  <testcase name="up" time="0.0" classname="com.edu.test.TestCases">
    <skipped/>
  </testcase> <!-- up -->
  <testcase name="up" time="0.0" classname="com.edu.test.TestCases">
    <skipped/>
  </testcase> <!-- up -->
  <testcase name="up" time="0.0" classname="com.edu.test.TestCases">
    <skipped/>
  </testcase> <!-- up -->
  <testcase name="writerLogin" time="0.0" classname="com.edu.test.TestCases">
    <skipped/>
  </testcase> <!-- writerLogin -->
  <testcase name="writerregister" time="0.0" classname="com.edu.test.TestCases">
    <skipped/>
  </testcase> <!-- writerregister -->
</testsuite> <!-- gaoqingxin -->
