<?xml version="1.0" encoding="UTF-8"?>
<!-- Generated by org.testng.reporters.JUnitXMLReporter -->
<testsuite hostname="wangwenting1117" ignored="0" name="wangwenting" tests="12" failures="0" timestamp="17 十二月 2019 01:56:15 GMT" time="12.037" errors="0">
  <testcase name="@BeforeClass doBeforeClass" time="11.953" classname="com.edu.test.BaseTest">
    <failure type="org.openqa.selenium.WebDriverException" message="permission denied
Build info: version: &amp;apos;3.141.59&amp;apos;, revision: &amp;apos;e82be7d358&amp;apos;, time: &amp;apos;2018-11-14T08:25:53&amp;apos;
System info: host: &amp;apos;WANGWENTING1117&amp;apos;, ip: &amp;apos;169.254.7.175&amp;apos;, os.name: &amp;apos;Windows 10&amp;apos;, os.arch: &amp;apos;amd64&amp;apos;, os.version: &amp;apos;10.0&amp;apos;, java.version: &amp;apos;1.8.0_73&amp;apos;
Driver info: driver.version: FirefoxDriver
remote stacktrace: ">
      <![CDATA[org.openqa.selenium.WebDriverException: permission denied
Build info: version: '3.141.59', revision: 'e82be7d358', time: '2018-11-14T08:25:53'
System info: host: 'WANGWENTING1117', ip: '169.254.7.175', os.name: 'Windows 10', os.arch: 'amd64', os.version: '10.0', java.version: '1.8.0_73'
Driver info: driver.version: FirefoxDriver
remote stacktrace: 
at org.openqa.selenium.remote.W3CHandshakeResponse.lambda$errorHandler$0(W3CHandshakeResponse.java:62)
at org.openqa.selenium.remote.HandshakeResponse.lambda$getResponseFunction$0(HandshakeResponse.java:30)
at org.openqa.selenium.remote.ProtocolHandshake.lambda$createSession$0(ProtocolHandshake.java:126)
at java.util.stream.ReferencePipeline$3$1.accept(Unknown Source)
at java.util.Spliterators$ArraySpliterator.tryAdvance(Unknown Source)
at java.util.stream.ReferencePipeline.forEachWithCancel(Unknown Source)
at java.util.stream.AbstractPipeline.copyIntoWithCancel(Unknown Source)
at java.util.stream.AbstractPipeline.copyInto(Unknown Source)
at java.util.stream.AbstractPipeline.wrapAndCopyInto(Unknown Source)
at java.util.stream.FindOps$FindOp.evaluateSequential(Unknown Source)
at java.util.stream.AbstractPipeline.evaluate(Unknown Source)
at java.util.stream.ReferencePipeline.findFirst(Unknown Source)
at org.openqa.selenium.remote.ProtocolHandshake.createSession(ProtocolHandshake.java:128)
at org.openqa.selenium.remote.ProtocolHandshake.createSession(ProtocolHandshake.java:74)
at org.openqa.selenium.remote.HttpCommandExecutor.execute(HttpCommandExecutor.java:136)
at org.openqa.selenium.remote.service.DriverCommandExecutor.execute(DriverCommandExecutor.java:83)
at org.openqa.selenium.remote.RemoteWebDriver.execute(RemoteWebDriver.java:552)
at org.openqa.selenium.remote.RemoteWebDriver.startSession(RemoteWebDriver.java:213)
at org.openqa.selenium.remote.RemoteWebDriver.<init>(RemoteWebDriver.java:131)
at org.openqa.selenium.firefox.FirefoxDriver.<init>(FirefoxDriver.java:147)
at org.openqa.selenium.firefox.FirefoxDriver.<init>(FirefoxDriver.java:125)
at com.edu.test.BaseTest.newWebDriver(BaseTest.java:48)
at com.edu.test.BaseTest.doBeforeClass(BaseTest.java:79)
... Removed 30 stack frames]]>
    </failure>
  </testcase> <!-- @BeforeClass doBeforeClass -->
  <testcase name="test1" time="0.0" classname="com.edu.test.WpTest">
    <skipped/>
  </testcase> <!-- test1 -->
  <testcase name="test10" time="0.0" classname="com.edu.test.WpTest">
    <skipped/>
  </testcase> <!-- test10 -->
  <testcase name="test11" time="0.0" classname="com.edu.test.WpTest">
    <skipped/>
  </testcase> <!-- test11 -->
  <testcase name="test12" time="0.0" classname="com.edu.test.WpTest">
    <skipped/>
  </testcase> <!-- test12 -->
  <testcase name="test13" time="0.0" classname="com.edu.test.WpTest">
    <skipped/>
  </testcase> <!-- test13 -->
  <testcase name="test2" time="0.0" classname="com.edu.test.WpTest">
    <skipped/>
  </testcase> <!-- test2 -->
  <testcase name="test3" time="0.0" classname="com.edu.test.WpTest">
    <skipped/>
  </testcase> <!-- test3 -->
  <testcase name="test4" time="0.0" classname="com.edu.test.WpTest">
    <skipped/>
  </testcase> <!-- test4 -->
  <testcase name="test6" time="0.0" classname="com.edu.test.WpTest">
    <skipped/>
  </testcase> <!-- test6 -->
  <testcase name="test7" time="0.0" classname="com.edu.test.WpTest">
    <skipped/>
  </testcase> <!-- test7 -->
  <testcase name="test8" time="0.0" classname="com.edu.test.WpTest">
    <skipped/>
  </testcase> <!-- test8 -->
  <testcase name="test9" time="0.0" classname="com.edu.test.WpTest">
    <skipped/>
  </testcase> <!-- test9 -->
</testsuite> <!-- wangwenting -->
