<?xml version="1.0" encoding="UTF-8"?>
<!-- Generated by org.testng.reporters.JUnitXMLReporter -->
<testsuite hostname="wangwenting1117" ignored="0" name="wordpress" tests="362" failures="229" timestamp="17 十二月 2019 11:36:51 GMT" time="10482.894" errors="0">
  <testcase name="testAppears1" time="2.917" classname="com.edu.test.wzhangxiao.DiscussionTest"/>
  <testcase name="testAppears2" time="1.744" classname="com.edu.test.wzhangxiao.DiscussionTest"/>
  <testcase name="testArticle" time="7.902" classname="com.edu.test.wzhangxiao.DiscussionTest">
    <failure type="org.openqa.selenium.StaleElementReferenceException" message="The element reference of &amp;lt;input name=&amp;quot;rss_use_excerpt&amp;quot; type=&amp;quot;radio&amp;quot;&amp;gt; is stale; either the element is no longer attached to the DOM, it is not in the current frame context, or the document has been refreshed
For documentation on this error, please visit: https://www.seleniumhq.org/exceptions/stale_element_reference.html
Build info: version: &amp;apos;3.141.59&amp;apos;, revision: &amp;apos;e82be7d358&amp;apos;, time: &amp;apos;2018-11-14T08:25:53&amp;apos;
System info: host: &amp;apos;WANGWENTING1117&amp;apos;, ip: &amp;apos;169.254.7.175&amp;apos;, os.name: &amp;apos;Windows 10&amp;apos;, os.arch: &amp;apos;amd64&amp;apos;, os.version: &amp;apos;10.0&amp;apos;, java.version: &amp;apos;1.8.0_73&amp;apos;
Driver info: org.openqa.selenium.firefox.FirefoxDriver
Capabilities {acceptInsecureCerts: true, browserName: firefox, browserVersion: 71.0, javascriptEnabled: true, moz:accessibilityChecks: false, moz:buildID: 20191202093317, moz:geckodriverVersion: 0.24.0, moz:headless: false, moz:processID: 14904, moz:profile: C:\Users\Administrator\AppD..., moz:shutdownTimeout: 60000, moz:useNonSpecCompliantPointerOrigin: false, moz:webdriverClick: true, pageLoadStrategy: normal, platform: WINDOWS, platformName: WINDOWS, platformVersion: 10.0, rotatable: false, setWindowRect: true, strictFileInteractability: false, timeouts: {implicit: 0, pageLoad: 300000, script: 30000}, unhandledPromptBehavior: dismiss and notify}
Session ID: 11951937-8ef4-4da1-8233-c83ff1e1ad05">
      <![CDATA[org.openqa.selenium.StaleElementReferenceException: The element reference of <input name="rss_use_excerpt" type="radio"> is stale; either the element is no longer attached to the DOM, it is not in the current frame context, or the document has been refreshed
For documentation on this error, please visit: https://www.seleniumhq.org/exceptions/stale_element_reference.html
Build info: version: '3.141.59', revision: 'e82be7d358', time: '2018-11-14T08:25:53'
System info: host: 'WANGWENTING1117', ip: '169.254.7.175', os.name: 'Windows 10', os.arch: 'amd64', os.version: '10.0', java.version: '1.8.0_73'
Driver info: org.openqa.selenium.firefox.FirefoxDriver
Capabilities {acceptInsecureCerts: true, browserName: firefox, browserVersion: 71.0, javascriptEnabled: true, moz:accessibilityChecks: false, moz:buildID: 20191202093317, moz:geckodriverVersion: 0.24.0, moz:headless: false, moz:processID: 14904, moz:profile: C:\Users\Administrator\AppD..., moz:shutdownTimeout: 60000, moz:useNonSpecCompliantPointerOrigin: false, moz:webdriverClick: true, pageLoadStrategy: normal, platform: WINDOWS, platformName: WINDOWS, platformVersion: 10.0, rotatable: false, setWindowRect: true, strictFileInteractability: false, timeouts: {implicit: 0, pageLoad: 300000, script: 30000}, unhandledPromptBehavior: dismiss and notify}
Session ID: 11951937-8ef4-4da1-8233-c83ff1e1ad05
at org.openqa.selenium.remote.http.W3CHttpResponseCodec.createException(W3CHttpResponseCodec.java:187)
at org.openqa.selenium.remote.http.W3CHttpResponseCodec.decode(W3CHttpResponseCodec.java:122)
at org.openqa.selenium.remote.http.W3CHttpResponseCodec.decode(W3CHttpResponseCodec.java:49)
at org.openqa.selenium.remote.HttpCommandExecutor.execute(HttpCommandExecutor.java:158)
at org.openqa.selenium.remote.service.DriverCommandExecutor.execute(DriverCommandExecutor.java:83)
at org.openqa.selenium.remote.RemoteWebDriver.execute(RemoteWebDriver.java:552)
at org.openqa.selenium.remote.RemoteWebElement.execute(RemoteWebElement.java:285)
at org.openqa.selenium.remote.RemoteWebElement.isSelected(RemoteWebElement.java:146)
at com.edu.test.wzhangxiao.DiscussionTest.testArticle(DiscussionTest.java:649)
... Removed 29 stack frames]]>
    </failure>
  </testcase> <!-- testArticle -->
  <testcase name="testArticleSetting1" time="1.693" classname="com.edu.test.wzhangxiao.DiscussionTest"/>
  <testcase name="testArticleSetting2" time="1.674" classname="com.edu.test.wzhangxiao.DiscussionTest"/>
  <testcase name="testArticleSetting3" time="1.736" classname="com.edu.test.wzhangxiao.DiscussionTest"/>
  <testcase name="testAvatar" time="4.716" classname="com.edu.test.wzhangxiao.DiscussionTest">
    <failure type="org.openqa.selenium.StaleElementReferenceException" message="The element reference of &amp;lt;input id=&amp;quot;avatar_mystery&amp;quot; name=&amp;quot;avatar_default&amp;quot; type=&amp;quot;radio&amp;quot;&amp;gt; is stale; either the element is no longer attached to the DOM, it is not in the current frame context, or the document has been refreshed
For documentation on this error, please visit: https://www.seleniumhq.org/exceptions/stale_element_reference.html
Build info: version: &amp;apos;3.141.59&amp;apos;, revision: &amp;apos;e82be7d358&amp;apos;, time: &amp;apos;2018-11-14T08:25:53&amp;apos;
System info: host: &amp;apos;WANGWENTING1117&amp;apos;, ip: &amp;apos;169.254.7.175&amp;apos;, os.name: &amp;apos;Windows 10&amp;apos;, os.arch: &amp;apos;amd64&amp;apos;, os.version: &amp;apos;10.0&amp;apos;, java.version: &amp;apos;1.8.0_73&amp;apos;
Driver info: org.openqa.selenium.firefox.FirefoxDriver
Capabilities {acceptInsecureCerts: true, browserName: firefox, browserVersion: 71.0, javascriptEnabled: true, moz:accessibilityChecks: false, moz:buildID: 20191202093317, moz:geckodriverVersion: 0.24.0, moz:headless: false, moz:processID: 14904, moz:profile: C:\Users\Administrator\AppD..., moz:shutdownTimeout: 60000, moz:useNonSpecCompliantPointerOrigin: false, moz:webdriverClick: true, pageLoadStrategy: normal, platform: WINDOWS, platformName: WINDOWS, platformVersion: 10.0, rotatable: false, setWindowRect: true, strictFileInteractability: false, timeouts: {implicit: 0, pageLoad: 300000, script: 30000}, unhandledPromptBehavior: dismiss and notify}
Session ID: 11951937-8ef4-4da1-8233-c83ff1e1ad05">
      <![CDATA[org.openqa.selenium.StaleElementReferenceException: The element reference of <input id="avatar_mystery" name="avatar_default" type="radio"> is stale; either the element is no longer attached to the DOM, it is not in the current frame context, or the document has been refreshed
For documentation on this error, please visit: https://www.seleniumhq.org/exceptions/stale_element_reference.html
Build info: version: '3.141.59', revision: 'e82be7d358', time: '2018-11-14T08:25:53'
System info: host: 'WANGWENTING1117', ip: '169.254.7.175', os.name: 'Windows 10', os.arch: 'amd64', os.version: '10.0', java.version: '1.8.0_73'
Driver info: org.openqa.selenium.firefox.FirefoxDriver
Capabilities {acceptInsecureCerts: true, browserName: firefox, browserVersion: 71.0, javascriptEnabled: true, moz:accessibilityChecks: false, moz:buildID: 20191202093317, moz:geckodriverVersion: 0.24.0, moz:headless: false, moz:processID: 14904, moz:profile: C:\Users\Administrator\AppD..., moz:shutdownTimeout: 60000, moz:useNonSpecCompliantPointerOrigin: false, moz:webdriverClick: true, pageLoadStrategy: normal, platform: WINDOWS, platformName: WINDOWS, platformVersion: 10.0, rotatable: false, setWindowRect: true, strictFileInteractability: false, timeouts: {implicit: 0, pageLoad: 300000, script: 30000}, unhandledPromptBehavior: dismiss and notify}
Session ID: 11951937-8ef4-4da1-8233-c83ff1e1ad05
at org.openqa.selenium.remote.http.W3CHttpResponseCodec.createException(W3CHttpResponseCodec.java:187)
at org.openqa.selenium.remote.http.W3CHttpResponseCodec.decode(W3CHttpResponseCodec.java:122)
at org.openqa.selenium.remote.http.W3CHttpResponseCodec.decode(W3CHttpResponseCodec.java:49)
at org.openqa.selenium.remote.HttpCommandExecutor.execute(HttpCommandExecutor.java:158)
at org.openqa.selenium.remote.service.DriverCommandExecutor.execute(DriverCommandExecutor.java:83)
at org.openqa.selenium.remote.RemoteWebDriver.execute(RemoteWebDriver.java:552)
at org.openqa.selenium.remote.RemoteWebElement.execute(RemoteWebElement.java:285)
at org.openqa.selenium.remote.RemoteWebElement.isSelected(RemoteWebElement.java:146)
at com.edu.test.wzhangxiao.DiscussionTest.testAvatar(DiscussionTest.java:308)
... Removed 29 stack frames]]>
    </failure>
  </testcase> <!-- testAvatar -->
  <testcase name="testAvatarDisplay" time="1.705" classname="com.edu.test.wzhangxiao.DiscussionTest"/>
  <testcase name="testBlacklist" time="1.5" classname="com.edu.test.wzhangxiao.DiscussionTest">
    <failure type="java.lang.AssertionError" message="expected [ ] but found []">
      <![CDATA[java.lang.AssertionError: expected [ ] but found []
at com.edu.test.wzhangxiao.DiscussionTest.testBlacklist(DiscussionTest.java:260)
... Removed 31 stack frames]]>
    </failure>
  </testcase> <!-- testBlacklist -->
  <testcase name="testBlacklist" time="1.471" classname="com.edu.test.wzhangxiao.DiscussionTest"/>
  <testcase name="testCategory" time="1.915" classname="com.edu.test.wzhangxiao.DiscussionTest"/>
  <testcase name="testCategory" time="1.788" classname="com.edu.test.wzhangxiao.DiscussionTest"/>
  <testcase name="testCategory" time="0.754" classname="com.edu.test.wzhangxiao.DiscussionTest">
    <failure type="org.openqa.selenium.NoSuchElementException" message="Cannot locate option with index: 10000
For documentation on this error, please visit: https://www.seleniumhq.org/exceptions/no_such_element.html
Build info: version: &amp;apos;3.141.59&amp;apos;, revision: &amp;apos;e82be7d358&amp;apos;, time: &amp;apos;2018-11-14T08:25:53&amp;apos;
System info: host: &amp;apos;WANGWENTING1117&amp;apos;, ip: &amp;apos;169.254.7.175&amp;apos;, os.name: &amp;apos;Windows 10&amp;apos;, os.arch: &amp;apos;amd64&amp;apos;, os.version: &amp;apos;10.0&amp;apos;, java.version: &amp;apos;1.8.0_73&amp;apos;
Driver info: driver.version: unknown">
      <![CDATA[org.openqa.selenium.NoSuchElementException: Cannot locate option with index: 10000
For documentation on this error, please visit: https://www.seleniumhq.org/exceptions/no_such_element.html
Build info: version: '3.141.59', revision: 'e82be7d358', time: '2018-11-14T08:25:53'
System info: host: 'WANGWENTING1117', ip: '169.254.7.175', os.name: 'Windows 10', os.arch: 'amd64', os.version: '10.0', java.version: '1.8.0_73'
Driver info: driver.version: unknown
at org.openqa.selenium.support.ui.Select.setSelectedByIndex(Select.java:297)
at org.openqa.selenium.support.ui.Select.selectByIndex(Select.java:172)
at com.edu.test.wzhangxiao.DiscussionTest.testCategory(DiscussionTest.java:673)
... Removed 25 stack frames]]>
    </failure>
  </testcase> <!-- testCategory -->
  <testcase name="testCommon" time="5.08" classname="com.edu.test.wzhangxiao.DiscussionTest">
    <failure type="org.openqa.selenium.StaleElementReferenceException" message="The element reference of &amp;lt;input name=&amp;quot;selection&amp;quot; type=&amp;quot;radio&amp;quot;&amp;gt; is stale; either the element is no longer attached to the DOM, it is not in the current frame context, or the document has been refreshed
For documentation on this error, please visit: https://www.seleniumhq.org/exceptions/stale_element_reference.html
Build info: version: &amp;apos;3.141.59&amp;apos;, revision: &amp;apos;e82be7d358&amp;apos;, time: &amp;apos;2018-11-14T08:25:53&amp;apos;
System info: host: &amp;apos;WANGWENTING1117&amp;apos;, ip: &amp;apos;169.254.7.175&amp;apos;, os.name: &amp;apos;Windows 10&amp;apos;, os.arch: &amp;apos;amd64&amp;apos;, os.version: &amp;apos;10.0&amp;apos;, java.version: &amp;apos;1.8.0_73&amp;apos;
Driver info: org.openqa.selenium.firefox.FirefoxDriver
Capabilities {acceptInsecureCerts: true, browserName: firefox, browserVersion: 71.0, javascriptEnabled: true, moz:accessibilityChecks: false, moz:buildID: 20191202093317, moz:geckodriverVersion: 0.24.0, moz:headless: false, moz:processID: 14904, moz:profile: C:\Users\Administrator\AppD..., moz:shutdownTimeout: 60000, moz:useNonSpecCompliantPointerOrigin: false, moz:webdriverClick: true, pageLoadStrategy: normal, platform: WINDOWS, platformName: WINDOWS, platformVersion: 10.0, rotatable: false, setWindowRect: true, strictFileInteractability: false, timeouts: {implicit: 0, pageLoad: 300000, script: 30000}, unhandledPromptBehavior: dismiss and notify}
Session ID: 11951937-8ef4-4da1-8233-c83ff1e1ad05">
      <![CDATA[org.openqa.selenium.StaleElementReferenceException: The element reference of <input name="selection" type="radio"> is stale; either the element is no longer attached to the DOM, it is not in the current frame context, or the document has been refreshed
For documentation on this error, please visit: https://www.seleniumhq.org/exceptions/stale_element_reference.html
Build info: version: '3.141.59', revision: 'e82be7d358', time: '2018-11-14T08:25:53'
System info: host: 'WANGWENTING1117', ip: '169.254.7.175', os.name: 'Windows 10', os.arch: 'amd64', os.version: '10.0', java.version: '1.8.0_73'
Driver info: org.openqa.selenium.firefox.FirefoxDriver
Capabilities {acceptInsecureCerts: true, browserName: firefox, browserVersion: 71.0, javascriptEnabled: true, moz:accessibilityChecks: false, moz:buildID: 20191202093317, moz:geckodriverVersion: 0.24.0, moz:headless: false, moz:processID: 14904, moz:profile: C:\Users\Administrator\AppD..., moz:shutdownTimeout: 60000, moz:useNonSpecCompliantPointerOrigin: false, moz:webdriverClick: true, pageLoadStrategy: normal, platform: WINDOWS, platformName: WINDOWS, platformVersion: 10.0, rotatable: false, setWindowRect: true, strictFileInteractability: false, timeouts: {implicit: 0, pageLoad: 300000, script: 30000}, unhandledPromptBehavior: dismiss and notify}
Session ID: 11951937-8ef4-4da1-8233-c83ff1e1ad05
at org.openqa.selenium.remote.http.W3CHttpResponseCodec.createException(W3CHttpResponseCodec.java:187)
at org.openqa.selenium.remote.http.W3CHttpResponseCodec.decode(W3CHttpResponseCodec.java:122)
at org.openqa.selenium.remote.http.W3CHttpResponseCodec.decode(W3CHttpResponseCodec.java:49)
at org.openqa.selenium.remote.HttpCommandExecutor.execute(HttpCommandExecutor.java:158)
at org.openqa.selenium.remote.service.DriverCommandExecutor.execute(DriverCommandExecutor.java:83)
at org.openqa.selenium.remote.RemoteWebDriver.execute(RemoteWebDriver.java:552)
at org.openqa.selenium.remote.RemoteWebElement.execute(RemoteWebElement.java:285)
at org.openqa.selenium.remote.RemoteWebElement.isSelected(RemoteWebElement.java:146)
at com.edu.test.wzhangxiao.DiscussionTest.testCommon(DiscussionTest.java:576)
... Removed 29 stack frames]]>
    </failure>
  </testcase> <!-- testCommon -->
  <testcase name="testDateCustom" time="2.499" classname="com.edu.test.wzhangxiao.DiscussionTest"/>
  <testcase name="testDateCustom" time="1.889" classname="com.edu.test.wzhangxiao.DiscussionTest"/>
  <testcase name="testDateCustom" time="1.975" classname="com.edu.test.wzhangxiao.DiscussionTest"/>
  <testcase name="testDateCustom" time="1.903" classname="com.edu.test.wzhangxiao.DiscussionTest"/>
  <testcase name="testDateCustom" time="1.904" classname="com.edu.test.wzhangxiao.DiscussionTest"/>
  <testcase name="testDateCustom" time="1.876" classname="com.edu.test.wzhangxiao.DiscussionTest"/>
  <testcase name="testDateCustom" time="1.884" classname="com.edu.test.wzhangxiao.DiscussionTest"/>
  <testcase name="testDateCustom" time="1.878" classname="com.edu.test.wzhangxiao.DiscussionTest"/>
  <testcase name="testDateFormat" time="4.849" classname="com.edu.test.wzhangxiao.DiscussionTest">
    <failure type="org.openqa.selenium.StaleElementReferenceException" message="The element reference of &amp;lt;input name=&amp;quot;date_format&amp;quot; type=&amp;quot;radio&amp;quot;&amp;gt; is stale; either the element is no longer attached to the DOM, it is not in the current frame context, or the document has been refreshed
For documentation on this error, please visit: https://www.seleniumhq.org/exceptions/stale_element_reference.html
Build info: version: &amp;apos;3.141.59&amp;apos;, revision: &amp;apos;e82be7d358&amp;apos;, time: &amp;apos;2018-11-14T08:25:53&amp;apos;
System info: host: &amp;apos;WANGWENTING1117&amp;apos;, ip: &amp;apos;169.254.7.175&amp;apos;, os.name: &amp;apos;Windows 10&amp;apos;, os.arch: &amp;apos;amd64&amp;apos;, os.version: &amp;apos;10.0&amp;apos;, java.version: &amp;apos;1.8.0_73&amp;apos;
Driver info: org.openqa.selenium.firefox.FirefoxDriver
Capabilities {acceptInsecureCerts: true, browserName: firefox, browserVersion: 71.0, javascriptEnabled: true, moz:accessibilityChecks: false, moz:buildID: 20191202093317, moz:geckodriverVersion: 0.24.0, moz:headless: false, moz:processID: 14904, moz:profile: C:\Users\Administrator\AppD..., moz:shutdownTimeout: 60000, moz:useNonSpecCompliantPointerOrigin: false, moz:webdriverClick: true, pageLoadStrategy: normal, platform: WINDOWS, platformName: WINDOWS, platformVersion: 10.0, rotatable: false, setWindowRect: true, strictFileInteractability: false, timeouts: {implicit: 0, pageLoad: 300000, script: 30000}, unhandledPromptBehavior: dismiss and notify}
Session ID: 11951937-8ef4-4da1-8233-c83ff1e1ad05">
      <![CDATA[org.openqa.selenium.StaleElementReferenceException: The element reference of <input name="date_format" type="radio"> is stale; either the element is no longer attached to the DOM, it is not in the current frame context, or the document has been refreshed
For documentation on this error, please visit: https://www.seleniumhq.org/exceptions/stale_element_reference.html
Build info: version: '3.141.59', revision: 'e82be7d358', time: '2018-11-14T08:25:53'
System info: host: 'WANGWENTING1117', ip: '169.254.7.175', os.name: 'Windows 10', os.arch: 'amd64', os.version: '10.0', java.version: '1.8.0_73'
Driver info: org.openqa.selenium.firefox.FirefoxDriver
Capabilities {acceptInsecureCerts: true, browserName: firefox, browserVersion: 71.0, javascriptEnabled: true, moz:accessibilityChecks: false, moz:buildID: 20191202093317, moz:geckodriverVersion: 0.24.0, moz:headless: false, moz:processID: 14904, moz:profile: C:\Users\Administrator\AppD..., moz:shutdownTimeout: 60000, moz:useNonSpecCompliantPointerOrigin: false, moz:webdriverClick: true, pageLoadStrategy: normal, platform: WINDOWS, platformName: WINDOWS, platformVersion: 10.0, rotatable: false, setWindowRect: true, strictFileInteractability: false, timeouts: {implicit: 0, pageLoad: 300000, script: 30000}, unhandledPromptBehavior: dismiss and notify}
Session ID: 11951937-8ef4-4da1-8233-c83ff1e1ad05
at org.openqa.selenium.remote.http.W3CHttpResponseCodec.createException(W3CHttpResponseCodec.java:187)
at org.openqa.selenium.remote.http.W3CHttpResponseCodec.decode(W3CHttpResponseCodec.java:122)
at org.openqa.selenium.remote.http.W3CHttpResponseCodec.decode(W3CHttpResponseCodec.java:49)
at org.openqa.selenium.remote.HttpCommandExecutor.execute(HttpCommandExecutor.java:158)
at org.openqa.selenium.remote.service.DriverCommandExecutor.execute(DriverCommandExecutor.java:83)
at org.openqa.selenium.remote.RemoteWebDriver.execute(RemoteWebDriver.java:552)
at org.openqa.selenium.remote.RemoteWebElement.execute(RemoteWebElement.java:285)
at org.openqa.selenium.remote.RemoteWebElement.isSelected(RemoteWebElement.java:146)
at com.edu.test.wzhangxiao.DiscussionTest.testDateFormat(DiscussionTest.java:412)
... Removed 29 stack frames]]>
    </failure>
  </testcase> <!-- testDateFormat -->
  <testcase name="testEmailAddress" time="2.867" classname="com.edu.test.wzhangxiao.DiscussionTest">
    <failure type="java.lang.AssertionError" message="expected [2318652908@qq.com] but found [1433837332@qq.com]">
      <![CDATA[java.lang.AssertionError: expected [2318652908@qq.com] but found [1433837332@qq.com]
at com.edu.test.wzhangxiao.DiscussionTest.testEmailAddress(DiscussionTest.java:351)
... Removed 31 stack frames]]>
    </failure>
  </testcase> <!-- testEmailAddress -->
  <testcase name="testEmailAddress" time="1.654" classname="com.edu.test.wzhangxiao.DiscussionTest">
    <failure type="java.lang.AssertionError" message="expected [2318652908qq.com] but found [1433837332@qq.com]">
      <![CDATA[java.lang.AssertionError: expected [2318652908qq.com] but found [1433837332@qq.com]
at com.edu.test.wzhangxiao.DiscussionTest.testEmailAddress(DiscussionTest.java:351)
... Removed 31 stack frames]]>
    </failure>
  </testcase> <!-- testEmailAddress -->
  <testcase name="testEmailAddress" time="1.576" classname="com.edu.test.wzhangxiao.DiscussionTest">
    <failure type="java.lang.AssertionError" message="expected [2318652908@.com] but found [1433837332@qq.com]">
      <![CDATA[java.lang.AssertionError: expected [2318652908@.com] but found [1433837332@qq.com]
at com.edu.test.wzhangxiao.DiscussionTest.testEmailAddress(DiscussionTest.java:351)
... Removed 31 stack frames]]>
    </failure>
  </testcase> <!-- testEmailAddress -->
  <testcase name="testEmailAddress" time="1.527" classname="com.edu.test.wzhangxiao.DiscussionTest">
    <failure type="java.lang.AssertionError" message="expected [2318652908@com] but found [1433837332@qq.com]">
      <![CDATA[java.lang.AssertionError: expected [2318652908@com] but found [1433837332@qq.com]
at com.edu.test.wzhangxiao.DiscussionTest.testEmailAddress(DiscussionTest.java:351)
... Removed 31 stack frames]]>
    </failure>
  </testcase> <!-- testEmailAddress -->
  <testcase name="testEmailAddress" time="1.575" classname="com.edu.test.wzhangxiao.DiscussionTest">
    <failure type="java.lang.AssertionError" message="expected [2318652908qqcom] but found [1433837332@qq.com]">
      <![CDATA[java.lang.AssertionError: expected [2318652908qqcom] but found [1433837332@qq.com]
at com.edu.test.wzhangxiao.DiscussionTest.testEmailAddress(DiscussionTest.java:351)
... Removed 31 stack frames]]>
    </failure>
  </testcase> <!-- testEmailAddress -->
  <testcase name="testEmailAddress" time="1.543" classname="com.edu.test.wzhangxiao.DiscussionTest">
    <failure type="java.lang.AssertionError" message="expected [231852908.com] but found [1433837332@qq.com]">
      <![CDATA[java.lang.AssertionError: expected [231852908.com] but found [1433837332@qq.com]
at com.edu.test.wzhangxiao.DiscussionTest.testEmailAddress(DiscussionTest.java:351)
... Removed 31 stack frames]]>
    </failure>
  </testcase> <!-- testEmailAddress -->
  <testcase name="testEmailAddress" time="1.727" classname="com.edu.test.wzhangxiao.DiscussionTest">
    <failure type="java.lang.AssertionError" message="expected [2318652908com] but found [1433837332@qq.com]">
      <![CDATA[java.lang.AssertionError: expected [2318652908com] but found [1433837332@qq.com]
at com.edu.test.wzhangxiao.DiscussionTest.testEmailAddress(DiscussionTest.java:351)
... Removed 31 stack frames]]>
    </failure>
  </testcase> <!-- testEmailAddress -->
  <testcase name="testEmailAddress" time="2.129" classname="com.edu.test.wzhangxiao.DiscussionTest">
    <failure type="java.lang.AssertionError" message="expected [@.com] but found [1433837332@qq.com]">
      <![CDATA[java.lang.AssertionError: expected [@.com] but found [1433837332@qq.com]
at com.edu.test.wzhangxiao.DiscussionTest.testEmailAddress(DiscussionTest.java:351)
... Removed 31 stack frames]]>
    </failure>
  </testcase> <!-- testEmailAddress -->
  <testcase name="testEmailMe1" time="1.699" classname="com.edu.test.wzhangxiao.DiscussionTest"/>
  <testcase name="testEmailMe2" time="1.727" classname="com.edu.test.wzhangxiao.DiscussionTest"/>
  <testcase name="testEngine" time="1.667" classname="com.edu.test.wzhangxiao.DiscussionTest"/>
  <testcase name="testFormat" time="0.0" classname="com.edu.test.wzhangxiao.DiscussionTest">
    <failure type="org.testng.TestNGException" message="
Cannot inject @Test annotated Method [testFormat] with [class java.lang.String].
For more information on native dependency injection please refer to http://testng.org/doc/documentation-main.html#native-dependency-injection">
      <![CDATA[org.testng.TestNGException: 
Cannot inject @Test annotated Method [testFormat] with [class java.lang.String].
For more information on native dependency injection please refer to http://testng.org/doc/documentation-main.html#native-dependency-injection
... Removed 24 stack frames]]>
    </failure>
  </testcase> <!-- testFormat -->
  <testcase name="testHomepage" time="7.681" classname="com.edu.test.wzhangxiao.DiscussionTest">
    <failure type="org.openqa.selenium.StaleElementReferenceException" message="The element reference of &amp;lt;input class=&amp;quot;tog&amp;quot; name=&amp;quot;show_on_front&amp;quot; type=&amp;quot;radio&amp;quot;&amp;gt; is stale; either the element is no longer attached to the DOM, it is not in the current frame context, or the document has been refreshed
For documentation on this error, please visit: https://www.seleniumhq.org/exceptions/stale_element_reference.html
Build info: version: &amp;apos;3.141.59&amp;apos;, revision: &amp;apos;e82be7d358&amp;apos;, time: &amp;apos;2018-11-14T08:25:53&amp;apos;
System info: host: &amp;apos;WANGWENTING1117&amp;apos;, ip: &amp;apos;169.254.7.175&amp;apos;, os.name: &amp;apos;Windows 10&amp;apos;, os.arch: &amp;apos;amd64&amp;apos;, os.version: &amp;apos;10.0&amp;apos;, java.version: &amp;apos;1.8.0_73&amp;apos;
Driver info: org.openqa.selenium.firefox.FirefoxDriver
Capabilities {acceptInsecureCerts: true, browserName: firefox, browserVersion: 71.0, javascriptEnabled: true, moz:accessibilityChecks: false, moz:buildID: 20191202093317, moz:geckodriverVersion: 0.24.0, moz:headless: false, moz:processID: 14904, moz:profile: C:\Users\Administrator\AppD..., moz:shutdownTimeout: 60000, moz:useNonSpecCompliantPointerOrigin: false, moz:webdriverClick: true, pageLoadStrategy: normal, platform: WINDOWS, platformName: WINDOWS, platformVersion: 10.0, rotatable: false, setWindowRect: true, strictFileInteractability: false, timeouts: {implicit: 0, pageLoad: 300000, script: 30000}, unhandledPromptBehavior: dismiss and notify}
Session ID: 11951937-8ef4-4da1-8233-c83ff1e1ad05">
      <![CDATA[org.openqa.selenium.StaleElementReferenceException: The element reference of <input class="tog" name="show_on_front" type="radio"> is stale; either the element is no longer attached to the DOM, it is not in the current frame context, or the document has been refreshed
For documentation on this error, please visit: https://www.seleniumhq.org/exceptions/stale_element_reference.html
Build info: version: '3.141.59', revision: 'e82be7d358', time: '2018-11-14T08:25:53'
System info: host: 'WANGWENTING1117', ip: '169.254.7.175', os.name: 'Windows 10', os.arch: 'amd64', os.version: '10.0', java.version: '1.8.0_73'
Driver info: org.openqa.selenium.firefox.FirefoxDriver
Capabilities {acceptInsecureCerts: true, browserName: firefox, browserVersion: 71.0, javascriptEnabled: true, moz:accessibilityChecks: false, moz:buildID: 20191202093317, moz:geckodriverVersion: 0.24.0, moz:headless: false, moz:processID: 14904, moz:profile: C:\Users\Administrator\AppD..., moz:shutdownTimeout: 60000, moz:useNonSpecCompliantPointerOrigin: false, moz:webdriverClick: true, pageLoadStrategy: normal, platform: WINDOWS, platformName: WINDOWS, platformVersion: 10.0, rotatable: false, setWindowRect: true, strictFileInteractability: false, timeouts: {implicit: 0, pageLoad: 300000, script: 30000}, unhandledPromptBehavior: dismiss and notify}
Session ID: 11951937-8ef4-4da1-8233-c83ff1e1ad05
at org.openqa.selenium.remote.http.W3CHttpResponseCodec.createException(W3CHttpResponseCodec.java:187)
at org.openqa.selenium.remote.http.W3CHttpResponseCodec.decode(W3CHttpResponseCodec.java:122)
at org.openqa.selenium.remote.http.W3CHttpResponseCodec.decode(W3CHttpResponseCodec.java:49)
at org.openqa.selenium.remote.HttpCommandExecutor.execute(HttpCommandExecutor.java:158)
at org.openqa.selenium.remote.service.DriverCommandExecutor.execute(DriverCommandExecutor.java:83)
at org.openqa.selenium.remote.RemoteWebDriver.execute(RemoteWebDriver.java:552)
at org.openqa.selenium.remote.RemoteWebElement.execute(RemoteWebElement.java:285)
at org.openqa.selenium.remote.RemoteWebElement.isSelected(RemoteWebElement.java:146)
at com.edu.test.wzhangxiao.DiscussionTest.testHomepage(DiscussionTest.java:609)
... Removed 29 stack frames]]>
    </failure>
  </testcase> <!-- testHomepage -->
  <testcase name="testLargeSize1" time="1.323" classname="com.edu.test.wzhangxiao.DiscussionTest">
    <failure type="org.openqa.selenium.StaleElementReferenceException" message="The element reference of &amp;lt;input id=&amp;quot;large_size_w&amp;quot; class=&amp;quot;small-text&amp;quot; name=&amp;quot;large_size_w&amp;quot; type=&amp;quot;number&amp;quot;&amp;gt; is stale; either the element is no longer attached to the DOM, it is not in the current frame context, or the document has been refreshed
For documentation on this error, please visit: https://www.seleniumhq.org/exceptions/stale_element_reference.html
Build info: version: &amp;apos;3.141.59&amp;apos;, revision: &amp;apos;e82be7d358&amp;apos;, time: &amp;apos;2018-11-14T08:25:53&amp;apos;
System info: host: &amp;apos;WANGWENTING1117&amp;apos;, ip: &amp;apos;169.254.7.175&amp;apos;, os.name: &amp;apos;Windows 10&amp;apos;, os.arch: &amp;apos;amd64&amp;apos;, os.version: &amp;apos;10.0&amp;apos;, java.version: &amp;apos;1.8.0_73&amp;apos;
Driver info: org.openqa.selenium.firefox.FirefoxDriver
Capabilities {acceptInsecureCerts: true, browserName: firefox, browserVersion: 71.0, javascriptEnabled: true, moz:accessibilityChecks: false, moz:buildID: 20191202093317, moz:geckodriverVersion: 0.24.0, moz:headless: false, moz:processID: 14904, moz:profile: C:\Users\Administrator\AppD..., moz:shutdownTimeout: 60000, moz:useNonSpecCompliantPointerOrigin: false, moz:webdriverClick: true, pageLoadStrategy: normal, platform: WINDOWS, platformName: WINDOWS, platformVersion: 10.0, rotatable: false, setWindowRect: true, strictFileInteractability: false, timeouts: {implicit: 0, pageLoad: 300000, script: 30000}, unhandledPromptBehavior: dismiss and notify}
Session ID: 11951937-8ef4-4da1-8233-c83ff1e1ad05">
      <![CDATA[org.openqa.selenium.StaleElementReferenceException: The element reference of <input id="large_size_w" class="small-text" name="large_size_w" type="number"> is stale; either the element is no longer attached to the DOM, it is not in the current frame context, or the document has been refreshed
For documentation on this error, please visit: https://www.seleniumhq.org/exceptions/stale_element_reference.html
Build info: version: '3.141.59', revision: 'e82be7d358', time: '2018-11-14T08:25:53'
System info: host: 'WANGWENTING1117', ip: '169.254.7.175', os.name: 'Windows 10', os.arch: 'amd64', os.version: '10.0', java.version: '1.8.0_73'
Driver info: org.openqa.selenium.firefox.FirefoxDriver
Capabilities {acceptInsecureCerts: true, browserName: firefox, browserVersion: 71.0, javascriptEnabled: true, moz:accessibilityChecks: false, moz:buildID: 20191202093317, moz:geckodriverVersion: 0.24.0, moz:headless: false, moz:processID: 14904, moz:profile: C:\Users\Administrator\AppD..., moz:shutdownTimeout: 60000, moz:useNonSpecCompliantPointerOrigin: false, moz:webdriverClick: true, pageLoadStrategy: normal, platform: WINDOWS, platformName: WINDOWS, platformVersion: 10.0, rotatable: false, setWindowRect: true, strictFileInteractability: false, timeouts: {implicit: 0, pageLoad: 300000, script: 30000}, unhandledPromptBehavior: dismiss and notify}
Session ID: 11951937-8ef4-4da1-8233-c83ff1e1ad05
at org.openqa.selenium.remote.http.W3CHttpResponseCodec.createException(W3CHttpResponseCodec.java:187)
at org.openqa.selenium.remote.http.W3CHttpResponseCodec.decode(W3CHttpResponseCodec.java:122)
at org.openqa.selenium.remote.http.W3CHttpResponseCodec.decode(W3CHttpResponseCodec.java:49)
at org.openqa.selenium.remote.HttpCommandExecutor.execute(HttpCommandExecutor.java:158)
at org.openqa.selenium.remote.service.DriverCommandExecutor.execute(DriverCommandExecutor.java:83)
at org.openqa.selenium.remote.RemoteWebDriver.execute(RemoteWebDriver.java:552)
at org.openqa.selenium.remote.RemoteWebElement.execute(RemoteWebElement.java:285)
at org.openqa.selenium.remote.RemoteWebElement.getText(RemoteWebElement.java:166)
at com.edu.test.wzhangxiao.DiscussionTest.testLargeSize1(DiscussionTest.java:538)
... Removed 29 stack frames]]>
    </failure>
  </testcase> <!-- testLargeSize1 -->
  <testcase name="testLargeSize1" time="0.927" classname="com.edu.test.wzhangxiao.DiscussionTest">
    <failure type="java.lang.AssertionError" message="expected [0.5] but found []">
      <![CDATA[java.lang.AssertionError: expected [0.5] but found []
at com.edu.test.wzhangxiao.DiscussionTest.testLargeSize1(DiscussionTest.java:539)
... Removed 31 stack frames]]>
    </failure>
  </testcase> <!-- testLargeSize1 -->
  <testcase name="testLargeSize1" time="1.266" classname="com.edu.test.wzhangxiao.DiscussionTest">
    <failure type="org.openqa.selenium.StaleElementReferenceException" message="The element reference of &amp;lt;input id=&amp;quot;large_size_w&amp;quot; class=&amp;quot;small-text&amp;quot; name=&amp;quot;large_size_w&amp;quot; type=&amp;quot;number&amp;quot;&amp;gt; is stale; either the element is no longer attached to the DOM, it is not in the current frame context, or the document has been refreshed
For documentation on this error, please visit: https://www.seleniumhq.org/exceptions/stale_element_reference.html
Build info: version: &amp;apos;3.141.59&amp;apos;, revision: &amp;apos;e82be7d358&amp;apos;, time: &amp;apos;2018-11-14T08:25:53&amp;apos;
System info: host: &amp;apos;WANGWENTING1117&amp;apos;, ip: &amp;apos;169.254.7.175&amp;apos;, os.name: &amp;apos;Windows 10&amp;apos;, os.arch: &amp;apos;amd64&amp;apos;, os.version: &amp;apos;10.0&amp;apos;, java.version: &amp;apos;1.8.0_73&amp;apos;
Driver info: org.openqa.selenium.firefox.FirefoxDriver
Capabilities {acceptInsecureCerts: true, browserName: firefox, browserVersion: 71.0, javascriptEnabled: true, moz:accessibilityChecks: false, moz:buildID: 20191202093317, moz:geckodriverVersion: 0.24.0, moz:headless: false, moz:processID: 14904, moz:profile: C:\Users\Administrator\AppD..., moz:shutdownTimeout: 60000, moz:useNonSpecCompliantPointerOrigin: false, moz:webdriverClick: true, pageLoadStrategy: normal, platform: WINDOWS, platformName: WINDOWS, platformVersion: 10.0, rotatable: false, setWindowRect: true, strictFileInteractability: false, timeouts: {implicit: 0, pageLoad: 300000, script: 30000}, unhandledPromptBehavior: dismiss and notify}
Session ID: 11951937-8ef4-4da1-8233-c83ff1e1ad05">
      <![CDATA[org.openqa.selenium.StaleElementReferenceException: The element reference of <input id="large_size_w" class="small-text" name="large_size_w" type="number"> is stale; either the element is no longer attached to the DOM, it is not in the current frame context, or the document has been refreshed
For documentation on this error, please visit: https://www.seleniumhq.org/exceptions/stale_element_reference.html
Build info: version: '3.141.59', revision: 'e82be7d358', time: '2018-11-14T08:25:53'
System info: host: 'WANGWENTING1117', ip: '169.254.7.175', os.name: 'Windows 10', os.arch: 'amd64', os.version: '10.0', java.version: '1.8.0_73'
Driver info: org.openqa.selenium.firefox.FirefoxDriver
Capabilities {acceptInsecureCerts: true, browserName: firefox, browserVersion: 71.0, javascriptEnabled: true, moz:accessibilityChecks: false, moz:buildID: 20191202093317, moz:geckodriverVersion: 0.24.0, moz:headless: false, moz:processID: 14904, moz:profile: C:\Users\Administrator\AppD..., moz:shutdownTimeout: 60000, moz:useNonSpecCompliantPointerOrigin: false, moz:webdriverClick: true, pageLoadStrategy: normal, platform: WINDOWS, platformName: WINDOWS, platformVersion: 10.0, rotatable: false, setWindowRect: true, strictFileInteractability: false, timeouts: {implicit: 0, pageLoad: 300000, script: 30000}, unhandledPromptBehavior: dismiss and notify}
Session ID: 11951937-8ef4-4da1-8233-c83ff1e1ad05
at org.openqa.selenium.remote.http.W3CHttpResponseCodec.createException(W3CHttpResponseCodec.java:187)
at org.openqa.selenium.remote.http.W3CHttpResponseCodec.decode(W3CHttpResponseCodec.java:122)
at org.openqa.selenium.remote.http.W3CHttpResponseCodec.decode(W3CHttpResponseCodec.java:49)
at org.openqa.selenium.remote.HttpCommandExecutor.execute(HttpCommandExecutor.java:158)
at org.openqa.selenium.remote.service.DriverCommandExecutor.execute(DriverCommandExecutor.java:83)
at org.openqa.selenium.remote.RemoteWebDriver.execute(RemoteWebDriver.java:552)
at org.openqa.selenium.remote.RemoteWebElement.execute(RemoteWebElement.java:285)
at org.openqa.selenium.remote.RemoteWebElement.getText(RemoteWebElement.java:166)
at com.edu.test.wzhangxiao.DiscussionTest.testLargeSize1(DiscussionTest.java:538)
... Removed 29 stack frames]]>
    </failure>
  </testcase> <!-- testLargeSize1 -->
  <testcase name="testLargeSize1" time="0.782" classname="com.edu.test.wzhangxiao.DiscussionTest">
    <failure type="java.lang.AssertionError" message="expected [-10] but found []">
      <![CDATA[java.lang.AssertionError: expected [-10] but found []
at com.edu.test.wzhangxiao.DiscussionTest.testLargeSize1(DiscussionTest.java:539)
... Removed 31 stack frames]]>
    </failure>
  </testcase> <!-- testLargeSize1 -->
  <testcase name="testLargeSize1" time="0.772" classname="com.edu.test.wzhangxiao.DiscussionTest">
    <failure type="java.lang.AssertionError" message="expected [   ] but found []">
      <![CDATA[java.lang.AssertionError: expected [   ] but found []
at com.edu.test.wzhangxiao.DiscussionTest.testLargeSize1(DiscussionTest.java:539)
... Removed 31 stack frames]]>
    </failure>
  </testcase> <!-- testLargeSize1 -->
  <testcase name="testLargeSize1" time="0.743" classname="com.edu.test.wzhangxiao.DiscussionTest">
    <failure type="java.lang.AssertionError" message="expected [张] but found []">
      <![CDATA[java.lang.AssertionError: expected [张] but found []
at com.edu.test.wzhangxiao.DiscussionTest.testLargeSize1(DiscussionTest.java:539)
... Removed 31 stack frames]]>
    </failure>
  </testcase> <!-- testLargeSize1 -->
  <testcase name="testLargeSize2" time="1.23" classname="com.edu.test.wzhangxiao.DiscussionTest">
    <failure type="org.openqa.selenium.StaleElementReferenceException" message="The element reference of &amp;lt;input id=&amp;quot;large_size_h&amp;quot; class=&amp;quot;small-text&amp;quot; name=&amp;quot;large_size_h&amp;quot; type=&amp;quot;number&amp;quot;&amp;gt; is stale; either the element is no longer attached to the DOM, it is not in the current frame context, or the document has been refreshed
For documentation on this error, please visit: https://www.seleniumhq.org/exceptions/stale_element_reference.html
Build info: version: &amp;apos;3.141.59&amp;apos;, revision: &amp;apos;e82be7d358&amp;apos;, time: &amp;apos;2018-11-14T08:25:53&amp;apos;
System info: host: &amp;apos;WANGWENTING1117&amp;apos;, ip: &amp;apos;169.254.7.175&amp;apos;, os.name: &amp;apos;Windows 10&amp;apos;, os.arch: &amp;apos;amd64&amp;apos;, os.version: &amp;apos;10.0&amp;apos;, java.version: &amp;apos;1.8.0_73&amp;apos;
Driver info: org.openqa.selenium.firefox.FirefoxDriver
Capabilities {acceptInsecureCerts: true, browserName: firefox, browserVersion: 71.0, javascriptEnabled: true, moz:accessibilityChecks: false, moz:buildID: 20191202093317, moz:geckodriverVersion: 0.24.0, moz:headless: false, moz:processID: 14904, moz:profile: C:\Users\Administrator\AppD..., moz:shutdownTimeout: 60000, moz:useNonSpecCompliantPointerOrigin: false, moz:webdriverClick: true, pageLoadStrategy: normal, platform: WINDOWS, platformName: WINDOWS, platformVersion: 10.0, rotatable: false, setWindowRect: true, strictFileInteractability: false, timeouts: {implicit: 0, pageLoad: 300000, script: 30000}, unhandledPromptBehavior: dismiss and notify}
Session ID: 11951937-8ef4-4da1-8233-c83ff1e1ad05">
      <![CDATA[org.openqa.selenium.StaleElementReferenceException: The element reference of <input id="large_size_h" class="small-text" name="large_size_h" type="number"> is stale; either the element is no longer attached to the DOM, it is not in the current frame context, or the document has been refreshed
For documentation on this error, please visit: https://www.seleniumhq.org/exceptions/stale_element_reference.html
Build info: version: '3.141.59', revision: 'e82be7d358', time: '2018-11-14T08:25:53'
System info: host: 'WANGWENTING1117', ip: '169.254.7.175', os.name: 'Windows 10', os.arch: 'amd64', os.version: '10.0', java.version: '1.8.0_73'
Driver info: org.openqa.selenium.firefox.FirefoxDriver
Capabilities {acceptInsecureCerts: true, browserName: firefox, browserVersion: 71.0, javascriptEnabled: true, moz:accessibilityChecks: false, moz:buildID: 20191202093317, moz:geckodriverVersion: 0.24.0, moz:headless: false, moz:processID: 14904, moz:profile: C:\Users\Administrator\AppD..., moz:shutdownTimeout: 60000, moz:useNonSpecCompliantPointerOrigin: false, moz:webdriverClick: true, pageLoadStrategy: normal, platform: WINDOWS, platformName: WINDOWS, platformVersion: 10.0, rotatable: false, setWindowRect: true, strictFileInteractability: false, timeouts: {implicit: 0, pageLoad: 300000, script: 30000}, unhandledPromptBehavior: dismiss and notify}
Session ID: 11951937-8ef4-4da1-8233-c83ff1e1ad05
at org.openqa.selenium.remote.http.W3CHttpResponseCodec.createException(W3CHttpResponseCodec.java:187)
at org.openqa.selenium.remote.http.W3CHttpResponseCodec.decode(W3CHttpResponseCodec.java:122)
at org.openqa.selenium.remote.http.W3CHttpResponseCodec.decode(W3CHttpResponseCodec.java:49)
at org.openqa.selenium.remote.HttpCommandExecutor.execute(HttpCommandExecutor.java:158)
at org.openqa.selenium.remote.service.DriverCommandExecutor.execute(DriverCommandExecutor.java:83)
at org.openqa.selenium.remote.RemoteWebDriver.execute(RemoteWebDriver.java:552)
at org.openqa.selenium.remote.RemoteWebElement.execute(RemoteWebElement.java:285)
at org.openqa.selenium.remote.RemoteWebElement.getText(RemoteWebElement.java:166)
at com.edu.test.wzhangxiao.DiscussionTest.testLargeSize2(DiscussionTest.java:551)
... Removed 29 stack frames]]>
    </failure>
  </testcase> <!-- testLargeSize2 -->
  <testcase name="testLargeSize2" time="0.788" classname="com.edu.test.wzhangxiao.DiscussionTest">
    <failure type="java.lang.AssertionError" message="expected [0.5] but found []">
      <![CDATA[java.lang.AssertionError: expected [0.5] but found []
at com.edu.test.wzhangxiao.DiscussionTest.testLargeSize2(DiscussionTest.java:552)
... Removed 31 stack frames]]>
    </failure>
  </testcase> <!-- testLargeSize2 -->
  <testcase name="testLargeSize2" time="1.288" classname="com.edu.test.wzhangxiao.DiscussionTest">
    <failure type="org.openqa.selenium.StaleElementReferenceException" message="The element reference of &amp;lt;input id=&amp;quot;large_size_h&amp;quot; class=&amp;quot;small-text&amp;quot; name=&amp;quot;large_size_h&amp;quot; type=&amp;quot;number&amp;quot;&amp;gt; is stale; either the element is no longer attached to the DOM, it is not in the current frame context, or the document has been refreshed
For documentation on this error, please visit: https://www.seleniumhq.org/exceptions/stale_element_reference.html
Build info: version: &amp;apos;3.141.59&amp;apos;, revision: &amp;apos;e82be7d358&amp;apos;, time: &amp;apos;2018-11-14T08:25:53&amp;apos;
System info: host: &amp;apos;WANGWENTING1117&amp;apos;, ip: &amp;apos;169.254.7.175&amp;apos;, os.name: &amp;apos;Windows 10&amp;apos;, os.arch: &amp;apos;amd64&amp;apos;, os.version: &amp;apos;10.0&amp;apos;, java.version: &amp;apos;1.8.0_73&amp;apos;
Driver info: org.openqa.selenium.firefox.FirefoxDriver
Capabilities {acceptInsecureCerts: true, browserName: firefox, browserVersion: 71.0, javascriptEnabled: true, moz:accessibilityChecks: false, moz:buildID: 20191202093317, moz:geckodriverVersion: 0.24.0, moz:headless: false, moz:processID: 14904, moz:profile: C:\Users\Administrator\AppD..., moz:shutdownTimeout: 60000, moz:useNonSpecCompliantPointerOrigin: false, moz:webdriverClick: true, pageLoadStrategy: normal, platform: WINDOWS, platformName: WINDOWS, platformVersion: 10.0, rotatable: false, setWindowRect: true, strictFileInteractability: false, timeouts: {implicit: 0, pageLoad: 300000, script: 30000}, unhandledPromptBehavior: dismiss and notify}
Session ID: 11951937-8ef4-4da1-8233-c83ff1e1ad05">
      <![CDATA[org.openqa.selenium.StaleElementReferenceException: The element reference of <input id="large_size_h" class="small-text" name="large_size_h" type="number"> is stale; either the element is no longer attached to the DOM, it is not in the current frame context, or the document has been refreshed
For documentation on this error, please visit: https://www.seleniumhq.org/exceptions/stale_element_reference.html
Build info: version: '3.141.59', revision: 'e82be7d358', time: '2018-11-14T08:25:53'
System info: host: 'WANGWENTING1117', ip: '169.254.7.175', os.name: 'Windows 10', os.arch: 'amd64', os.version: '10.0', java.version: '1.8.0_73'
Driver info: org.openqa.selenium.firefox.FirefoxDriver
Capabilities {acceptInsecureCerts: true, browserName: firefox, browserVersion: 71.0, javascriptEnabled: true, moz:accessibilityChecks: false, moz:buildID: 20191202093317, moz:geckodriverVersion: 0.24.0, moz:headless: false, moz:processID: 14904, moz:profile: C:\Users\Administrator\AppD..., moz:shutdownTimeout: 60000, moz:useNonSpecCompliantPointerOrigin: false, moz:webdriverClick: true, pageLoadStrategy: normal, platform: WINDOWS, platformName: WINDOWS, platformVersion: 10.0, rotatable: false, setWindowRect: true, strictFileInteractability: false, timeouts: {implicit: 0, pageLoad: 300000, script: 30000}, unhandledPromptBehavior: dismiss and notify}
Session ID: 11951937-8ef4-4da1-8233-c83ff1e1ad05
at org.openqa.selenium.remote.http.W3CHttpResponseCodec.createException(W3CHttpResponseCodec.java:187)
at org.openqa.selenium.remote.http.W3CHttpResponseCodec.decode(W3CHttpResponseCodec.java:122)
at org.openqa.selenium.remote.http.W3CHttpResponseCodec.decode(W3CHttpResponseCodec.java:49)
at org.openqa.selenium.remote.HttpCommandExecutor.execute(HttpCommandExecutor.java:158)
at org.openqa.selenium.remote.service.DriverCommandExecutor.execute(DriverCommandExecutor.java:83)
at org.openqa.selenium.remote.RemoteWebDriver.execute(RemoteWebDriver.java:552)
at org.openqa.selenium.remote.RemoteWebElement.execute(RemoteWebElement.java:285)
at org.openqa.selenium.remote.RemoteWebElement.getText(RemoteWebElement.java:166)
at com.edu.test.wzhangxiao.DiscussionTest.testLargeSize2(DiscussionTest.java:551)
... Removed 29 stack frames]]>
    </failure>
  </testcase> <!-- testLargeSize2 -->
  <testcase name="testLargeSize2" time="0.753" classname="com.edu.test.wzhangxiao.DiscussionTest">
    <failure type="java.lang.AssertionError" message="expected [-10] but found []">
      <![CDATA[java.lang.AssertionError: expected [-10] but found []
at com.edu.test.wzhangxiao.DiscussionTest.testLargeSize2(DiscussionTest.java:552)
... Removed 31 stack frames]]>
    </failure>
  </testcase> <!-- testLargeSize2 -->
  <testcase name="testLargeSize2" time="0.764" classname="com.edu.test.wzhangxiao.DiscussionTest">
    <failure type="java.lang.AssertionError" message="expected [   ] but found []">
      <![CDATA[java.lang.AssertionError: expected [   ] but found []
at com.edu.test.wzhangxiao.DiscussionTest.testLargeSize2(DiscussionTest.java:552)
... Removed 31 stack frames]]>
    </failure>
  </testcase> <!-- testLargeSize2 -->
  <testcase name="testLargeSize2" time="0.808" classname="com.edu.test.wzhangxiao.DiscussionTest">
    <failure type="java.lang.AssertionError" message="expected [张] but found []">
      <![CDATA[java.lang.AssertionError: expected [张] but found []
at com.edu.test.wzhangxiao.DiscussionTest.testLargeSize2(DiscussionTest.java:552)
... Removed 31 stack frames]]>
    </failure>
  </testcase> <!-- testLargeSize2 -->
  <testcase name="testMediumSize1" time="1.239" classname="com.edu.test.wzhangxiao.DiscussionTest">
    <failure type="org.openqa.selenium.StaleElementReferenceException" message="The element reference of &amp;lt;input id=&amp;quot;medium_size_w&amp;quot; class=&amp;quot;small-text&amp;quot; name=&amp;quot;medium_size_w&amp;quot; type=&amp;quot;number&amp;quot;&amp;gt; is stale; either the element is no longer attached to the DOM, it is not in the current frame context, or the document has been refreshed
For documentation on this error, please visit: https://www.seleniumhq.org/exceptions/stale_element_reference.html
Build info: version: &amp;apos;3.141.59&amp;apos;, revision: &amp;apos;e82be7d358&amp;apos;, time: &amp;apos;2018-11-14T08:25:53&amp;apos;
System info: host: &amp;apos;WANGWENTING1117&amp;apos;, ip: &amp;apos;169.254.7.175&amp;apos;, os.name: &amp;apos;Windows 10&amp;apos;, os.arch: &amp;apos;amd64&amp;apos;, os.version: &amp;apos;10.0&amp;apos;, java.version: &amp;apos;1.8.0_73&amp;apos;
Driver info: org.openqa.selenium.firefox.FirefoxDriver
Capabilities {acceptInsecureCerts: true, browserName: firefox, browserVersion: 71.0, javascriptEnabled: true, moz:accessibilityChecks: false, moz:buildID: 20191202093317, moz:geckodriverVersion: 0.24.0, moz:headless: false, moz:processID: 14904, moz:profile: C:\Users\Administrator\AppD..., moz:shutdownTimeout: 60000, moz:useNonSpecCompliantPointerOrigin: false, moz:webdriverClick: true, pageLoadStrategy: normal, platform: WINDOWS, platformName: WINDOWS, platformVersion: 10.0, rotatable: false, setWindowRect: true, strictFileInteractability: false, timeouts: {implicit: 0, pageLoad: 300000, script: 30000}, unhandledPromptBehavior: dismiss and notify}
Session ID: 11951937-8ef4-4da1-8233-c83ff1e1ad05">
      <![CDATA[org.openqa.selenium.StaleElementReferenceException: The element reference of <input id="medium_size_w" class="small-text" name="medium_size_w" type="number"> is stale; either the element is no longer attached to the DOM, it is not in the current frame context, or the document has been refreshed
For documentation on this error, please visit: https://www.seleniumhq.org/exceptions/stale_element_reference.html
Build info: version: '3.141.59', revision: 'e82be7d358', time: '2018-11-14T08:25:53'
System info: host: 'WANGWENTING1117', ip: '169.254.7.175', os.name: 'Windows 10', os.arch: 'amd64', os.version: '10.0', java.version: '1.8.0_73'
Driver info: org.openqa.selenium.firefox.FirefoxDriver
Capabilities {acceptInsecureCerts: true, browserName: firefox, browserVersion: 71.0, javascriptEnabled: true, moz:accessibilityChecks: false, moz:buildID: 20191202093317, moz:geckodriverVersion: 0.24.0, moz:headless: false, moz:processID: 14904, moz:profile: C:\Users\Administrator\AppD..., moz:shutdownTimeout: 60000, moz:useNonSpecCompliantPointerOrigin: false, moz:webdriverClick: true, pageLoadStrategy: normal, platform: WINDOWS, platformName: WINDOWS, platformVersion: 10.0, rotatable: false, setWindowRect: true, strictFileInteractability: false, timeouts: {implicit: 0, pageLoad: 300000, script: 30000}, unhandledPromptBehavior: dismiss and notify}
Session ID: 11951937-8ef4-4da1-8233-c83ff1e1ad05
at org.openqa.selenium.remote.http.W3CHttpResponseCodec.createException(W3CHttpResponseCodec.java:187)
at org.openqa.selenium.remote.http.W3CHttpResponseCodec.decode(W3CHttpResponseCodec.java:122)
at org.openqa.selenium.remote.http.W3CHttpResponseCodec.decode(W3CHttpResponseCodec.java:49)
at org.openqa.selenium.remote.HttpCommandExecutor.execute(HttpCommandExecutor.java:158)
at org.openqa.selenium.remote.service.DriverCommandExecutor.execute(DriverCommandExecutor.java:83)
at org.openqa.selenium.remote.RemoteWebDriver.execute(RemoteWebDriver.java:552)
at org.openqa.selenium.remote.RemoteWebElement.execute(RemoteWebElement.java:285)
at org.openqa.selenium.remote.RemoteWebElement.getText(RemoteWebElement.java:166)
at com.edu.test.wzhangxiao.DiscussionTest.testMediumSize1(DiscussionTest.java:512)
... Removed 29 stack frames]]>
    </failure>
  </testcase> <!-- testMediumSize1 -->
  <testcase name="testMediumSize1" time="0.811" classname="com.edu.test.wzhangxiao.DiscussionTest">
    <failure type="java.lang.AssertionError" message="expected [0.5] but found []">
      <![CDATA[java.lang.AssertionError: expected [0.5] but found []
at com.edu.test.wzhangxiao.DiscussionTest.testMediumSize1(DiscussionTest.java:513)
... Removed 31 stack frames]]>
    </failure>
  </testcase> <!-- testMediumSize1 -->
  <testcase name="testMediumSize1" time="1.313" classname="com.edu.test.wzhangxiao.DiscussionTest">
    <failure type="org.openqa.selenium.StaleElementReferenceException" message="The element reference of &amp;lt;input id=&amp;quot;medium_size_w&amp;quot; class=&amp;quot;small-text&amp;quot; name=&amp;quot;medium_size_w&amp;quot; type=&amp;quot;number&amp;quot;&amp;gt; is stale; either the element is no longer attached to the DOM, it is not in the current frame context, or the document has been refreshed
For documentation on this error, please visit: https://www.seleniumhq.org/exceptions/stale_element_reference.html
Build info: version: &amp;apos;3.141.59&amp;apos;, revision: &amp;apos;e82be7d358&amp;apos;, time: &amp;apos;2018-11-14T08:25:53&amp;apos;
System info: host: &amp;apos;WANGWENTING1117&amp;apos;, ip: &amp;apos;169.254.7.175&amp;apos;, os.name: &amp;apos;Windows 10&amp;apos;, os.arch: &amp;apos;amd64&amp;apos;, os.version: &amp;apos;10.0&amp;apos;, java.version: &amp;apos;1.8.0_73&amp;apos;
Driver info: org.openqa.selenium.firefox.FirefoxDriver
Capabilities {acceptInsecureCerts: true, browserName: firefox, browserVersion: 71.0, javascriptEnabled: true, moz:accessibilityChecks: false, moz:buildID: 20191202093317, moz:geckodriverVersion: 0.24.0, moz:headless: false, moz:processID: 14904, moz:profile: C:\Users\Administrator\AppD..., moz:shutdownTimeout: 60000, moz:useNonSpecCompliantPointerOrigin: false, moz:webdriverClick: true, pageLoadStrategy: normal, platform: WINDOWS, platformName: WINDOWS, platformVersion: 10.0, rotatable: false, setWindowRect: true, strictFileInteractability: false, timeouts: {implicit: 0, pageLoad: 300000, script: 30000}, unhandledPromptBehavior: dismiss and notify}
Session ID: 11951937-8ef4-4da1-8233-c83ff1e1ad05">
      <![CDATA[org.openqa.selenium.StaleElementReferenceException: The element reference of <input id="medium_size_w" class="small-text" name="medium_size_w" type="number"> is stale; either the element is no longer attached to the DOM, it is not in the current frame context, or the document has been refreshed
For documentation on this error, please visit: https://www.seleniumhq.org/exceptions/stale_element_reference.html
Build info: version: '3.141.59', revision: 'e82be7d358', time: '2018-11-14T08:25:53'
System info: host: 'WANGWENTING1117', ip: '169.254.7.175', os.name: 'Windows 10', os.arch: 'amd64', os.version: '10.0', java.version: '1.8.0_73'
Driver info: org.openqa.selenium.firefox.FirefoxDriver
Capabilities {acceptInsecureCerts: true, browserName: firefox, browserVersion: 71.0, javascriptEnabled: true, moz:accessibilityChecks: false, moz:buildID: 20191202093317, moz:geckodriverVersion: 0.24.0, moz:headless: false, moz:processID: 14904, moz:profile: C:\Users\Administrator\AppD..., moz:shutdownTimeout: 60000, moz:useNonSpecCompliantPointerOrigin: false, moz:webdriverClick: true, pageLoadStrategy: normal, platform: WINDOWS, platformName: WINDOWS, platformVersion: 10.0, rotatable: false, setWindowRect: true, strictFileInteractability: false, timeouts: {implicit: 0, pageLoad: 300000, script: 30000}, unhandledPromptBehavior: dismiss and notify}
Session ID: 11951937-8ef4-4da1-8233-c83ff1e1ad05
at org.openqa.selenium.remote.http.W3CHttpResponseCodec.createException(W3CHttpResponseCodec.java:187)
at org.openqa.selenium.remote.http.W3CHttpResponseCodec.decode(W3CHttpResponseCodec.java:122)
at org.openqa.selenium.remote.http.W3CHttpResponseCodec.decode(W3CHttpResponseCodec.java:49)
at org.openqa.selenium.remote.HttpCommandExecutor.execute(HttpCommandExecutor.java:158)
at org.openqa.selenium.remote.service.DriverCommandExecutor.execute(DriverCommandExecutor.java:83)
at org.openqa.selenium.remote.RemoteWebDriver.execute(RemoteWebDriver.java:552)
at org.openqa.selenium.remote.RemoteWebElement.execute(RemoteWebElement.java:285)
at org.openqa.selenium.remote.RemoteWebElement.getText(RemoteWebElement.java:166)
at com.edu.test.wzhangxiao.DiscussionTest.testMediumSize1(DiscussionTest.java:512)
... Removed 29 stack frames]]>
    </failure>
  </testcase> <!-- testMediumSize1 -->
  <testcase name="testMediumSize1" time="0.804" classname="com.edu.test.wzhangxiao.DiscussionTest">
    <failure type="java.lang.AssertionError" message="expected [-10] but found []">
      <![CDATA[java.lang.AssertionError: expected [-10] but found []
at com.edu.test.wzhangxiao.DiscussionTest.testMediumSize1(DiscussionTest.java:513)
... Removed 31 stack frames]]>
    </failure>
  </testcase> <!-- testMediumSize1 -->
  <testcase name="testMediumSize1" time="0.81" classname="com.edu.test.wzhangxiao.DiscussionTest">
    <failure type="java.lang.AssertionError" message="expected [   ] but found []">
      <![CDATA[java.lang.AssertionError: expected [   ] but found []
at com.edu.test.wzhangxiao.DiscussionTest.testMediumSize1(DiscussionTest.java:513)
... Removed 31 stack frames]]>
    </failure>
  </testcase> <!-- testMediumSize1 -->
  <testcase name="testMediumSize1" time="0.804" classname="com.edu.test.wzhangxiao.DiscussionTest">
    <failure type="java.lang.AssertionError" message="expected [张] but found []">
      <![CDATA[java.lang.AssertionError: expected [张] but found []
at com.edu.test.wzhangxiao.DiscussionTest.testMediumSize1(DiscussionTest.java:513)
... Removed 31 stack frames]]>
    </failure>
  </testcase> <!-- testMediumSize1 -->
  <testcase name="testMediumSize2" time="1.287" classname="com.edu.test.wzhangxiao.DiscussionTest">
    <failure type="org.openqa.selenium.StaleElementReferenceException" message="The element reference of &amp;lt;input id=&amp;quot;medium_size_h&amp;quot; class=&amp;quot;small-text&amp;quot; name=&amp;quot;medium_size_h&amp;quot; type=&amp;quot;number&amp;quot;&amp;gt; is stale; either the element is no longer attached to the DOM, it is not in the current frame context, or the document has been refreshed
For documentation on this error, please visit: https://www.seleniumhq.org/exceptions/stale_element_reference.html
Build info: version: &amp;apos;3.141.59&amp;apos;, revision: &amp;apos;e82be7d358&amp;apos;, time: &amp;apos;2018-11-14T08:25:53&amp;apos;
System info: host: &amp;apos;WANGWENTING1117&amp;apos;, ip: &amp;apos;169.254.7.175&amp;apos;, os.name: &amp;apos;Windows 10&amp;apos;, os.arch: &amp;apos;amd64&amp;apos;, os.version: &amp;apos;10.0&amp;apos;, java.version: &amp;apos;1.8.0_73&amp;apos;
Driver info: org.openqa.selenium.firefox.FirefoxDriver
Capabilities {acceptInsecureCerts: true, browserName: firefox, browserVersion: 71.0, javascriptEnabled: true, moz:accessibilityChecks: false, moz:buildID: 20191202093317, moz:geckodriverVersion: 0.24.0, moz:headless: false, moz:processID: 14904, moz:profile: C:\Users\Administrator\AppD..., moz:shutdownTimeout: 60000, moz:useNonSpecCompliantPointerOrigin: false, moz:webdriverClick: true, pageLoadStrategy: normal, platform: WINDOWS, platformName: WINDOWS, platformVersion: 10.0, rotatable: false, setWindowRect: true, strictFileInteractability: false, timeouts: {implicit: 0, pageLoad: 300000, script: 30000}, unhandledPromptBehavior: dismiss and notify}
Session ID: 11951937-8ef4-4da1-8233-c83ff1e1ad05">
      <![CDATA[org.openqa.selenium.StaleElementReferenceException: The element reference of <input id="medium_size_h" class="small-text" name="medium_size_h" type="number"> is stale; either the element is no longer attached to the DOM, it is not in the current frame context, or the document has been refreshed
For documentation on this error, please visit: https://www.seleniumhq.org/exceptions/stale_element_reference.html
Build info: version: '3.141.59', revision: 'e82be7d358', time: '2018-11-14T08:25:53'
System info: host: 'WANGWENTING1117', ip: '169.254.7.175', os.name: 'Windows 10', os.arch: 'amd64', os.version: '10.0', java.version: '1.8.0_73'
Driver info: org.openqa.selenium.firefox.FirefoxDriver
Capabilities {acceptInsecureCerts: true, browserName: firefox, browserVersion: 71.0, javascriptEnabled: true, moz:accessibilityChecks: false, moz:buildID: 20191202093317, moz:geckodriverVersion: 0.24.0, moz:headless: false, moz:processID: 14904, moz:profile: C:\Users\Administrator\AppD..., moz:shutdownTimeout: 60000, moz:useNonSpecCompliantPointerOrigin: false, moz:webdriverClick: true, pageLoadStrategy: normal, platform: WINDOWS, platformName: WINDOWS, platformVersion: 10.0, rotatable: false, setWindowRect: true, strictFileInteractability: false, timeouts: {implicit: 0, pageLoad: 300000, script: 30000}, unhandledPromptBehavior: dismiss and notify}
Session ID: 11951937-8ef4-4da1-8233-c83ff1e1ad05
at org.openqa.selenium.remote.http.W3CHttpResponseCodec.createException(W3CHttpResponseCodec.java:187)
at org.openqa.selenium.remote.http.W3CHttpResponseCodec.decode(W3CHttpResponseCodec.java:122)
at org.openqa.selenium.remote.http.W3CHttpResponseCodec.decode(W3CHttpResponseCodec.java:49)
at org.openqa.selenium.remote.HttpCommandExecutor.execute(HttpCommandExecutor.java:158)
at org.openqa.selenium.remote.service.DriverCommandExecutor.execute(DriverCommandExecutor.java:83)
at org.openqa.selenium.remote.RemoteWebDriver.execute(RemoteWebDriver.java:552)
at org.openqa.selenium.remote.RemoteWebElement.execute(RemoteWebElement.java:285)
at org.openqa.selenium.remote.RemoteWebElement.getText(RemoteWebElement.java:166)
at com.edu.test.wzhangxiao.DiscussionTest.testMediumSize2(DiscussionTest.java:525)
... Removed 29 stack frames]]>
    </failure>
  </testcase> <!-- testMediumSize2 -->
  <testcase name="testMediumSize2" time="0.782" classname="com.edu.test.wzhangxiao.DiscussionTest">
    <failure type="java.lang.AssertionError" message="expected [0.5] but found []">
      <![CDATA[java.lang.AssertionError: expected [0.5] but found []
at com.edu.test.wzhangxiao.DiscussionTest.testMediumSize2(DiscussionTest.java:526)
... Removed 31 stack frames]]>
    </failure>
  </testcase> <!-- testMediumSize2 -->
  <testcase name="testMediumSize2" time="1.287" classname="com.edu.test.wzhangxiao.DiscussionTest">
    <failure type="org.openqa.selenium.StaleElementReferenceException" message="The element reference of &amp;lt;input id=&amp;quot;medium_size_h&amp;quot; class=&amp;quot;small-text&amp;quot; name=&amp;quot;medium_size_h&amp;quot; type=&amp;quot;number&amp;quot;&amp;gt; is stale; either the element is no longer attached to the DOM, it is not in the current frame context, or the document has been refreshed
For documentation on this error, please visit: https://www.seleniumhq.org/exceptions/stale_element_reference.html
Build info: version: &amp;apos;3.141.59&amp;apos;, revision: &amp;apos;e82be7d358&amp;apos;, time: &amp;apos;2018-11-14T08:25:53&amp;apos;
System info: host: &amp;apos;WANGWENTING1117&amp;apos;, ip: &amp;apos;169.254.7.175&amp;apos;, os.name: &amp;apos;Windows 10&amp;apos;, os.arch: &amp;apos;amd64&amp;apos;, os.version: &amp;apos;10.0&amp;apos;, java.version: &amp;apos;1.8.0_73&amp;apos;
Driver info: org.openqa.selenium.firefox.FirefoxDriver
Capabilities {acceptInsecureCerts: true, browserName: firefox, browserVersion: 71.0, javascriptEnabled: true, moz:accessibilityChecks: false, moz:buildID: 20191202093317, moz:geckodriverVersion: 0.24.0, moz:headless: false, moz:processID: 14904, moz:profile: C:\Users\Administrator\AppD..., moz:shutdownTimeout: 60000, moz:useNonSpecCompliantPointerOrigin: false, moz:webdriverClick: true, pageLoadStrategy: normal, platform: WINDOWS, platformName: WINDOWS, platformVersion: 10.0, rotatable: false, setWindowRect: true, strictFileInteractability: false, timeouts: {implicit: 0, pageLoad: 300000, script: 30000}, unhandledPromptBehavior: dismiss and notify}
Session ID: 11951937-8ef4-4da1-8233-c83ff1e1ad05">
      <![CDATA[org.openqa.selenium.StaleElementReferenceException: The element reference of <input id="medium_size_h" class="small-text" name="medium_size_h" type="number"> is stale; either the element is no longer attached to the DOM, it is not in the current frame context, or the document has been refreshed
For documentation on this error, please visit: https://www.seleniumhq.org/exceptions/stale_element_reference.html
Build info: version: '3.141.59', revision: 'e82be7d358', time: '2018-11-14T08:25:53'
System info: host: 'WANGWENTING1117', ip: '169.254.7.175', os.name: 'Windows 10', os.arch: 'amd64', os.version: '10.0', java.version: '1.8.0_73'
Driver info: org.openqa.selenium.firefox.FirefoxDriver
Capabilities {acceptInsecureCerts: true, browserName: firefox, browserVersion: 71.0, javascriptEnabled: true, moz:accessibilityChecks: false, moz:buildID: 20191202093317, moz:geckodriverVersion: 0.24.0, moz:headless: false, moz:processID: 14904, moz:profile: C:\Users\Administrator\AppD..., moz:shutdownTimeout: 60000, moz:useNonSpecCompliantPointerOrigin: false, moz:webdriverClick: true, pageLoadStrategy: normal, platform: WINDOWS, platformName: WINDOWS, platformVersion: 10.0, rotatable: false, setWindowRect: true, strictFileInteractability: false, timeouts: {implicit: 0, pageLoad: 300000, script: 30000}, unhandledPromptBehavior: dismiss and notify}
Session ID: 11951937-8ef4-4da1-8233-c83ff1e1ad05
at org.openqa.selenium.remote.http.W3CHttpResponseCodec.createException(W3CHttpResponseCodec.java:187)
at org.openqa.selenium.remote.http.W3CHttpResponseCodec.decode(W3CHttpResponseCodec.java:122)
at org.openqa.selenium.remote.http.W3CHttpResponseCodec.decode(W3CHttpResponseCodec.java:49)
at org.openqa.selenium.remote.HttpCommandExecutor.execute(HttpCommandExecutor.java:158)
at org.openqa.selenium.remote.service.DriverCommandExecutor.execute(DriverCommandExecutor.java:83)
at org.openqa.selenium.remote.RemoteWebDriver.execute(RemoteWebDriver.java:552)
at org.openqa.selenium.remote.RemoteWebElement.execute(RemoteWebElement.java:285)
at org.openqa.selenium.remote.RemoteWebElement.getText(RemoteWebElement.java:166)
at com.edu.test.wzhangxiao.DiscussionTest.testMediumSize2(DiscussionTest.java:525)
... Removed 29 stack frames]]>
    </failure>
  </testcase> <!-- testMediumSize2 -->
  <testcase name="testMediumSize2" time="0.886" classname="com.edu.test.wzhangxiao.DiscussionTest">
    <failure type="java.lang.AssertionError" message="expected [-10] but found []">
      <![CDATA[java.lang.AssertionError: expected [-10] but found []
at com.edu.test.wzhangxiao.DiscussionTest.testMediumSize2(DiscussionTest.java:526)
... Removed 31 stack frames]]>
    </failure>
  </testcase> <!-- testMediumSize2 -->
  <testcase name="testMediumSize2" time="0.909" classname="com.edu.test.wzhangxiao.DiscussionTest">
    <failure type="java.lang.AssertionError" message="expected [   ] but found []">
      <![CDATA[java.lang.AssertionError: expected [   ] but found []
at com.edu.test.wzhangxiao.DiscussionTest.testMediumSize2(DiscussionTest.java:526)
... Removed 31 stack frames]]>
    </failure>
  </testcase> <!-- testMediumSize2 -->
  <testcase name="testMediumSize2" time="0.798" classname="com.edu.test.wzhangxiao.DiscussionTest">
    <failure type="java.lang.AssertionError" message="expected [张] but found []">
      <![CDATA[java.lang.AssertionError: expected [张] but found []
at com.edu.test.wzhangxiao.DiscussionTest.testMediumSize2(DiscussionTest.java:526)
... Removed 31 stack frames]]>
    </failure>
  </testcase> <!-- testMediumSize2 -->
  <testcase name="testMembership" time="2.007" classname="com.edu.test.wzhangxiao.DiscussionTest"/>
  <testcase name="testModeration1" time="0.903" classname="com.edu.test.wzhangxiao.DiscussionTest">
    <failure type="org.openqa.selenium.support.ui.UnexpectedTagNameException" message="Element should have been &amp;quot;select&amp;quot; but was &amp;quot;input&amp;quot;
Build info: version: &amp;apos;3.141.59&amp;apos;, revision: &amp;apos;e82be7d358&amp;apos;, time: &amp;apos;2018-11-14T08:25:53&amp;apos;
System info: host: &amp;apos;WANGWENTING1117&amp;apos;, ip: &amp;apos;169.254.7.175&amp;apos;, os.name: &amp;apos;Windows 10&amp;apos;, os.arch: &amp;apos;amd64&amp;apos;, os.version: &amp;apos;10.0&amp;apos;, java.version: &amp;apos;1.8.0_73&amp;apos;
Driver info: driver.version: unknown">
      <![CDATA[org.openqa.selenium.support.ui.UnexpectedTagNameException: Element should have been "select" but was "input"
Build info: version: '3.141.59', revision: 'e82be7d358', time: '2018-11-14T08:25:53'
System info: host: 'WANGWENTING1117', ip: '169.254.7.175', os.name: 'Windows 10', os.arch: 'amd64', os.version: '10.0', java.version: '1.8.0_73'
Driver info: driver.version: unknown
at org.openqa.selenium.support.ui.Select.<init>(Select.java:48)
at com.edu.test.wzhangxiao.DiscussionTest.testModeration1(DiscussionTest.java:233)
... Removed 25 stack frames]]>
    </failure>
  </testcase> <!-- testModeration1 -->
  <testcase name="testModeration1" time="0.58" classname="com.edu.test.wzhangxiao.DiscussionTest">
    <failure type="org.openqa.selenium.support.ui.UnexpectedTagNameException" message="Element should have been &amp;quot;select&amp;quot; but was &amp;quot;input&amp;quot;
Build info: version: &amp;apos;3.141.59&amp;apos;, revision: &amp;apos;e82be7d358&amp;apos;, time: &amp;apos;2018-11-14T08:25:53&amp;apos;
System info: host: &amp;apos;WANGWENTING1117&amp;apos;, ip: &amp;apos;169.254.7.175&amp;apos;, os.name: &amp;apos;Windows 10&amp;apos;, os.arch: &amp;apos;amd64&amp;apos;, os.version: &amp;apos;10.0&amp;apos;, java.version: &amp;apos;1.8.0_73&amp;apos;
Driver info: driver.version: unknown">
      <![CDATA[org.openqa.selenium.support.ui.UnexpectedTagNameException: Element should have been "select" but was "input"
Build info: version: '3.141.59', revision: 'e82be7d358', time: '2018-11-14T08:25:53'
System info: host: 'WANGWENTING1117', ip: '169.254.7.175', os.name: 'Windows 10', os.arch: 'amd64', os.version: '10.0', java.version: '1.8.0_73'
Driver info: driver.version: unknown
at org.openqa.selenium.support.ui.Select.<init>(Select.java:48)
at com.edu.test.wzhangxiao.DiscussionTest.testModeration1(DiscussionTest.java:233)
... Removed 25 stack frames]]>
    </failure>
  </testcase> <!-- testModeration1 -->
  <testcase name="testModeration1" time="0.718" classname="com.edu.test.wzhangxiao.DiscussionTest">
    <failure type="org.openqa.selenium.support.ui.UnexpectedTagNameException" message="Element should have been &amp;quot;select&amp;quot; but was &amp;quot;input&amp;quot;
Build info: version: &amp;apos;3.141.59&amp;apos;, revision: &amp;apos;e82be7d358&amp;apos;, time: &amp;apos;2018-11-14T08:25:53&amp;apos;
System info: host: &amp;apos;WANGWENTING1117&amp;apos;, ip: &amp;apos;169.254.7.175&amp;apos;, os.name: &amp;apos;Windows 10&amp;apos;, os.arch: &amp;apos;amd64&amp;apos;, os.version: &amp;apos;10.0&amp;apos;, java.version: &amp;apos;1.8.0_73&amp;apos;
Driver info: driver.version: unknown">
      <![CDATA[org.openqa.selenium.support.ui.UnexpectedTagNameException: Element should have been "select" but was "input"
Build info: version: '3.141.59', revision: 'e82be7d358', time: '2018-11-14T08:25:53'
System info: host: 'WANGWENTING1117', ip: '169.254.7.175', os.name: 'Windows 10', os.arch: 'amd64', os.version: '10.0', java.version: '1.8.0_73'
Driver info: driver.version: unknown
at org.openqa.selenium.support.ui.Select.<init>(Select.java:48)
at com.edu.test.wzhangxiao.DiscussionTest.testModeration1(DiscussionTest.java:233)
... Removed 25 stack frames]]>
    </failure>
  </testcase> <!-- testModeration1 -->
  <testcase name="testModeration2" time="1.503" classname="com.edu.test.wzhangxiao.DiscussionTest">
    <failure type="java.lang.AssertionError" message="expected [ ] but found []">
      <![CDATA[java.lang.AssertionError: expected [ ] but found []
at com.edu.test.wzhangxiao.DiscussionTest.testModeration2(DiscussionTest.java:248)
... Removed 31 stack frames]]>
    </failure>
  </testcase> <!-- testModeration2 -->
  <testcase name="testModeration2" time="1.67" classname="com.edu.test.wzhangxiao.DiscussionTest"/>
  <testcase name="testNewUserDefaultRole" time="2.03" classname="com.edu.test.wzhangxiao.DiscussionTest"/>
  <testcase name="testNewUserDefaultRole" time="2.124" classname="com.edu.test.wzhangxiao.DiscussionTest"/>
  <testcase name="testNewUserDefaultRole" time="0.732" classname="com.edu.test.wzhangxiao.DiscussionTest">
    <failure type="org.openqa.selenium.NoSuchElementException" message="Cannot locate option with index: 10000
For documentation on this error, please visit: https://www.seleniumhq.org/exceptions/no_such_element.html
Build info: version: &amp;apos;3.141.59&amp;apos;, revision: &amp;apos;e82be7d358&amp;apos;, time: &amp;apos;2018-11-14T08:25:53&amp;apos;
System info: host: &amp;apos;WANGWENTING1117&amp;apos;, ip: &amp;apos;169.254.7.175&amp;apos;, os.name: &amp;apos;Windows 10&amp;apos;, os.arch: &amp;apos;amd64&amp;apos;, os.version: &amp;apos;10.0&amp;apos;, java.version: &amp;apos;1.8.0_73&amp;apos;
Driver info: driver.version: unknown">
      <![CDATA[org.openqa.selenium.NoSuchElementException: Cannot locate option with index: 10000
For documentation on this error, please visit: https://www.seleniumhq.org/exceptions/no_such_element.html
Build info: version: '3.141.59', revision: 'e82be7d358', time: '2018-11-14T08:25:53'
System info: host: 'WANGWENTING1117', ip: '169.254.7.175', os.name: 'Windows 10', os.arch: 'amd64', os.version: '10.0', java.version: '1.8.0_73'
Driver info: driver.version: unknown
at org.openqa.selenium.support.ui.Select.setSelectedByIndex(Select.java:297)
at org.openqa.selenium.support.ui.Select.selectByIndex(Select.java:172)
at com.edu.test.wzhangxiao.DiscussionTest.testNewUserDefaultRole(DiscussionTest.java:371)
... Removed 25 stack frames]]>
    </failure>
  </testcase> <!-- testNewUserDefaultRole -->
  <testcase name="testOther1" time="2.201" classname="com.edu.test.wzhangxiao.DiscussionTest">
    <failure type="java.lang.AssertionError" message="expected [0] but found []">
      <![CDATA[java.lang.AssertionError: expected [0] but found []
at com.edu.test.wzhangxiao.DiscussionTest.testOther1(DiscussionTest.java:87)
... Removed 31 stack frames]]>
    </failure>
  </testcase> <!-- testOther1 -->
  <testcase name="testOther1" time="1.134" classname="com.edu.test.wzhangxiao.DiscussionTest">
    <failure type="java.lang.AssertionError" message="expected [0.5] but found []">
      <![CDATA[java.lang.AssertionError: expected [0.5] but found []
at com.edu.test.wzhangxiao.DiscussionTest.testOther1(DiscussionTest.java:87)
... Removed 31 stack frames]]>
    </failure>
  </testcase> <!-- testOther1 -->
  <testcase name="testOther1" time="2.026" classname="com.edu.test.wzhangxiao.DiscussionTest">
    <failure type="java.lang.AssertionError" message="expected [1000] but found []">
      <![CDATA[java.lang.AssertionError: expected [1000] but found []
at com.edu.test.wzhangxiao.DiscussionTest.testOther1(DiscussionTest.java:87)
... Removed 31 stack frames]]>
    </failure>
  </testcase> <!-- testOther1 -->
  <testcase name="testOther1" time="1.105" classname="com.edu.test.wzhangxiao.DiscussionTest">
    <failure type="java.lang.AssertionError" message="expected [-10] but found []">
      <![CDATA[java.lang.AssertionError: expected [-10] but found []
at com.edu.test.wzhangxiao.DiscussionTest.testOther1(DiscussionTest.java:87)
... Removed 31 stack frames]]>
    </failure>
  </testcase> <!-- testOther1 -->
  <testcase name="testOther1" time="1.128" classname="com.edu.test.wzhangxiao.DiscussionTest">
    <failure type="java.lang.AssertionError" message="expected [   ] but found []">
      <![CDATA[java.lang.AssertionError: expected [   ] but found []
at com.edu.test.wzhangxiao.DiscussionTest.testOther1(DiscussionTest.java:87)
... Removed 31 stack frames]]>
    </failure>
  </testcase> <!-- testOther1 -->
  <testcase name="testOther1" time="1.164" classname="com.edu.test.wzhangxiao.DiscussionTest">
    <failure type="java.lang.AssertionError" message="expected [张] but found []">
      <![CDATA[java.lang.AssertionError: expected [张] but found []
at com.edu.test.wzhangxiao.DiscussionTest.testOther1(DiscussionTest.java:87)
... Removed 31 stack frames]]>
    </failure>
  </testcase> <!-- testOther1 -->
  <testcase name="testOther2" time="2.0" classname="com.edu.test.wzhangxiao.DiscussionTest"/>
  <testcase name="testOther2" time="1.775" classname="com.edu.test.wzhangxiao.DiscussionTest"/>
  <testcase name="testOther2" time="0.714" classname="com.edu.test.wzhangxiao.DiscussionTest">
    <failure type="org.openqa.selenium.NoSuchElementException" message="Cannot locate option with index: 10000
For documentation on this error, please visit: https://www.seleniumhq.org/exceptions/no_such_element.html
Build info: version: &amp;apos;3.141.59&amp;apos;, revision: &amp;apos;e82be7d358&amp;apos;, time: &amp;apos;2018-11-14T08:25:53&amp;apos;
System info: host: &amp;apos;WANGWENTING1117&amp;apos;, ip: &amp;apos;169.254.7.175&amp;apos;, os.name: &amp;apos;Windows 10&amp;apos;, os.arch: &amp;apos;amd64&amp;apos;, os.version: &amp;apos;10.0&amp;apos;, java.version: &amp;apos;1.8.0_73&amp;apos;
Driver info: driver.version: unknown">
      <![CDATA[org.openqa.selenium.NoSuchElementException: Cannot locate option with index: 10000
For documentation on this error, please visit: https://www.seleniumhq.org/exceptions/no_such_element.html
Build info: version: '3.141.59', revision: 'e82be7d358', time: '2018-11-14T08:25:53'
System info: host: 'WANGWENTING1117', ip: '169.254.7.175', os.name: 'Windows 10', os.arch: 'amd64', os.version: '10.0', java.version: '1.8.0_73'
Driver info: driver.version: unknown
at org.openqa.selenium.support.ui.Select.setSelectedByIndex(Select.java:297)
at org.openqa.selenium.support.ui.Select.selectByIndex(Select.java:172)
at com.edu.test.wzhangxiao.DiscussionTest.testOther2(DiscussionTest.java:101)
... Removed 25 stack frames]]>
    </failure>
  </testcase> <!-- testOther2 -->
  <testcase name="testOther3" time="1.675" classname="com.edu.test.wzhangxiao.DiscussionTest">
    <failure type="java.lang.AssertionError" message="expected [0] but found []">
      <![CDATA[java.lang.AssertionError: expected [0] but found []
at com.edu.test.wzhangxiao.DiscussionTest.testOther3(DiscussionTest.java:119)
... Removed 31 stack frames]]>
    </failure>
  </testcase> <!-- testOther3 -->
  <testcase name="testOther3" time="1.02" classname="com.edu.test.wzhangxiao.DiscussionTest">
    <failure type="java.lang.AssertionError" message="expected [0.5] but found []">
      <![CDATA[java.lang.AssertionError: expected [0.5] but found []
at com.edu.test.wzhangxiao.DiscussionTest.testOther3(DiscussionTest.java:119)
... Removed 31 stack frames]]>
    </failure>
  </testcase> <!-- testOther3 -->
  <testcase name="testOther3" time="1.489" classname="com.edu.test.wzhangxiao.DiscussionTest">
    <failure type="java.lang.AssertionError" message="expected [1000] but found []">
      <![CDATA[java.lang.AssertionError: expected [1000] but found []
at com.edu.test.wzhangxiao.DiscussionTest.testOther3(DiscussionTest.java:119)
... Removed 31 stack frames]]>
    </failure>
  </testcase> <!-- testOther3 -->
  <testcase name="testOther3" time="0.959" classname="com.edu.test.wzhangxiao.DiscussionTest">
    <failure type="java.lang.AssertionError" message="expected [-10] but found []">
      <![CDATA[java.lang.AssertionError: expected [-10] but found []
[...]
Driver info: org.openqa.selenium.firefox.FirefoxDriver
Capabilities {acceptInsecureCerts: true, browserName: firefox, browserVersion: 71.0, javascriptEnabled: true, moz:accessibilityChecks: false, moz:buildID: 20191202093317, moz:geckodriverVersion: 0.24.0, moz:headless: false, moz:processID: 15256, moz:profile: C:\Users\Administrator\AppD..., moz:shutdownTimeout: 60000, moz:useNonSpecCompliantPointerOrigin: false, moz:webdriverClick: true, pageLoadStrategy: normal, platform: WINDOWS, platformName: WINDOWS, platformVersion: 10.0, rotatable: false, setWindowRect: true, strictFileInteractability: false, timeouts: {implicit: 0, pageLoad: 300000, script: 30000}, unhandledPromptBehavior: dismiss and notify}
Session ID: bc0f3db3-ffa2-43ee-baa3-547302705176">
      <![CDATA[org.openqa.selenium.NoSuchSessionException: Tried to run command without establishing a connection
Build info: version: '3.141.59', revision: 'e82be7d358', time: '2018-11-14T08:25:53'
System info: host: 'WANGWENTING1117', ip: '169.254.7.175', os.name: 'Windows 10', os.arch: 'amd64', os.version: '10.0', java.version: '1.8.0_73'
Driver info: org.openqa.selenium.firefox.FirefoxDriver
Capabilities {acceptInsecureCerts: true, browserName: firefox, browserVersion: 71.0, javascriptEnabled: true, moz:accessibilityChecks: false, moz:buildID: 20191202093317, moz:geckodriverVersion: 0.24.0, moz:headless: false, moz:processID: 15256, moz:profile: C:\Users\Administrator\AppD..., moz:shutdownTimeout: 60000, moz:useNonSpecCompliantPointerOrigin: false, moz:webdriverClick: true, pageLoadStrategy: normal, platform: WINDOWS, platformName: WINDOWS, platformVersion: 10.0, rotatable: false, setWindowRect: true, strictFileInteractability: false, timeouts: {implicit: 0, pageLoad: 300000, script: 30000}, unhandledPromptBehavior: dismiss and notify}
Session ID: bc0f3db3-ffa2-43ee-baa3-547302705176
at org.openqa.selenium.remote.http.W3CHttpResponseCodec.createException(W3CHttpResponseCodec.java:187)
at org.openqa.selenium.remote.http.W3CHttpResponseCodec.decode(W3CHttpResponseCodec.java:122)
at org.openqa.selenium.remote.http.W3CHttpResponseCodec.decode(W3CHttpResponseCodec.java:49)
at org.openqa.selenium.remote.HttpCommandExecutor.execute(HttpCommandExecutor.java:158)
at org.openqa.selenium.remote.service.DriverCommandExecutor.execute(DriverCommandExecutor.java:83)
at org.openqa.selenium.remote.RemoteWebDriver.execute(RemoteWebDriver.java:552)
at org.openqa.selenium.remote.RemoteWebDriver.execute(RemoteWebDriver.java:609)
at org.openqa.selenium.remote.RemoteWebDriver.getPageSource(RemoteWebDriver.java:438)
at com.edu.core.WebDriverEngine.isTextPresent(WebDriverEngine.java:107)
at com.edu.test.xuyingxin.Login_x.test2(Login_x.java:74)
... Removed 29 stack frames]]>
    </failure>
  </testcase> <!-- test2 -->
  <testcase name="test2" time="0.011" classname="com.edu.test.xuyingxin.Login_x">
    <failure type="org.openqa.selenium.NoSuchSessionException" message="Tried to run command without establishing a connection
Build info: version: &amp;apos;3.141.59&amp;apos;, revision: &amp;apos;e82be7d358&amp;apos;, time: &amp;apos;2018-11-14T08:25:53&amp;apos;
System info: host: &amp;apos;WANGWENTING1117&amp;apos;, ip: &amp;apos;169.254.7.175&amp;apos;, os.name: &amp;apos;Windows 10&amp;apos;, os.arch: &amp;apos;amd64&amp;apos;, os.version: &amp;apos;10.0&amp;apos;, java.version: &amp;apos;1.8.0_73&amp;apos;
Driver info: org.openqa.selenium.firefox.FirefoxDriver
Capabilities {acceptInsecureCerts: true, browserName: firefox, browserVersion: 71.0, javascriptEnabled: true, moz:accessibilityChecks: false, moz:buildID: 20191202093317, moz:geckodriverVersion: 0.24.0, moz:headless: false, moz:processID: 15256, moz:profile: C:\Users\Administrator\AppD..., moz:shutdownTimeout: 60000, moz:useNonSpecCompliantPointerOrigin: false, moz:webdriverClick: true, pageLoadStrategy: normal, platform: WINDOWS, platformName: WINDOWS, platformVersion: 10.0, rotatable: false, setWindowRect: true, strictFileInteractability: false, timeouts: {implicit: 0, pageLoad: 300000, script: 30000}, unhandledPromptBehavior: dismiss and notify}
Session ID: bc0f3db3-ffa2-43ee-baa3-547302705176">
      <![CDATA[org.openqa.selenium.NoSuchSessionException: Tried to run command without establishing a connection
Build info: version: '3.141.59', revision: 'e82be7d358', time: '2018-11-14T08:25:53'
System info: host: 'WANGWENTING1117', ip: '169.254.7.175', os.name: 'Windows 10', os.arch: 'amd64', os.version: '10.0', java.version: '1.8.0_73'
Driver info: org.openqa.selenium.firefox.FirefoxDriver
Capabilities {acceptInsecureCerts: true, browserName: firefox, browserVersion: 71.0, javascriptEnabled: true, moz:accessibilityChecks: false, moz:buildID: 20191202093317, moz:geckodriverVersion: 0.24.0, moz:headless: false, moz:processID: 15256, moz:profile: C:\Users\Administrator\AppD..., moz:shutdownTimeout: 60000, moz:useNonSpecCompliantPointerOrigin: false, moz:webdriverClick: true, pageLoadStrategy: normal, platform: WINDOWS, platformName: WINDOWS, platformVersion: 10.0, rotatable: false, setWindowRect: true, strictFileInteractability: false, timeouts: {implicit: 0, pageLoad: 300000, script: 30000}, unhandledPromptBehavior: dismiss and notify}
Session ID: bc0f3db3-ffa2-43ee-baa3-547302705176
at org.openqa.selenium.remote.http.W3CHttpResponseCodec.createException(W3CHttpResponseCodec.java:187)
at org.openqa.selenium.remote.http.W3CHttpResponseCodec.decode(W3CHttpResponseCodec.java:122)
at org.openqa.selenium.remote.http.W3CHttpResponseCodec.decode(W3CHttpResponseCodec.java:49)
at org.openqa.selenium.remote.HttpCommandExecutor.execute(HttpCommandExecutor.java:158)
at org.openqa.selenium.remote.service.DriverCommandExecutor.execute(DriverCommandExecutor.java:83)
at org.openqa.selenium.remote.RemoteWebDriver.execute(RemoteWebDriver.java:552)
at org.openqa.selenium.remote.RemoteWebDriver.execute(RemoteWebDriver.java:609)
at org.openqa.selenium.remote.RemoteWebDriver.getPageSource(RemoteWebDriver.java:438)
at com.edu.core.WebDriverEngine.isTextPresent(WebDriverEngine.java:107)
at com.edu.test.xuyingxin.Login_x.test2(Login_x.java:74)
... Removed 29 stack frames]]>
    </failure>
  </testcase> <!-- test2 -->
  <testcase name="test2" time="0.011" classname="com.edu.test.xuyingxin.Login_x">
    <failure type="org.openqa.selenium.NoSuchSessionException" message="Tried to run command without establishing a connection
Build info: version: &amp;apos;3.141.59&amp;apos;, revision: &amp;apos;e82be7d358&amp;apos;, time: &amp;apos;2018-11-14T08:25:53&amp;apos;
System info: host: &amp;apos;WANGWENTING1117&amp;apos;, ip: &amp;apos;169.254.7.175&amp;apos;, os.name: &amp;apos;Windows 10&amp;apos;, os.arch: &amp;apos;amd64&amp;apos;, os.version: &amp;apos;10.0&amp;apos;, java.version: &amp;apos;1.8.0_73&amp;apos;
Driver info: org.openqa.selenium.firefox.FirefoxDriver
Capabilities {acceptInsecureCerts: true, browserName: firefox, browserVersion: 71.0, javascriptEnabled: true, moz:accessibilityChecks: false, moz:buildID: 20191202093317, moz:geckodriverVersion: 0.24.0, moz:headless: false, moz:processID: 15256, moz:profile: C:\Users\Administrator\AppD..., moz:shutdownTimeout: 60000, moz:useNonSpecCompliantPointerOrigin: false, moz:webdriverClick: true, pageLoadStrategy: normal, platform: WINDOWS, platformName: WINDOWS, platformVersion: 10.0, rotatable: false, setWindowRect: true, strictFileInteractability: false, timeouts: {implicit: 0, pageLoad: 300000, script: 30000}, unhandledPromptBehavior: dismiss and notify}
Session ID: bc0f3db3-ffa2-43ee-baa3-547302705176">
      <![CDATA[org.openqa.selenium.NoSuchSessionException: Tried to run command without establishing a connection
Build info: version: '3.141.59', revision: 'e82be7d358', time: '2018-11-14T08:25:53'
System info: host: 'WANGWENTING1117', ip: '169.254.7.175', os.name: 'Windows 10', os.arch: 'amd64', os.version: '10.0', java.version: '1.8.0_73'
Driver info: org.openqa.selenium.firefox.FirefoxDriver
Capabilities {acceptInsecureCerts: true, browserName: firefox, browserVersion: 71.0, javascriptEnabled: true, moz:accessibilityChecks: false, moz:buildID: 20191202093317, moz:geckodriverVersion: 0.24.0, moz:headless: false, moz:processID: 15256, moz:profile: C:\Users\Administrator\AppD..., moz:shutdownTimeout: 60000, moz:useNonSpecCompliantPointerOrigin: false, moz:webdriverClick: true, pageLoadStrategy: normal, platform: WINDOWS, platformName: WINDOWS, platformVersion: 10.0, rotatable: false, setWindowRect: true, strictFileInteractability: false, timeouts: {implicit: 0, pageLoad: 300000, script: 30000}, unhandledPromptBehavior: dismiss and notify}
Session ID: bc0f3db3-ffa2-43ee-baa3-547302705176
at org.openqa.selenium.remote.http.W3CHttpResponseCodec.createException(W3CHttpResponseCodec.java:187)
at org.openqa.selenium.remote.http.W3CHttpResponseCodec.decode(W3CHttpResponseCodec.java:122)
at org.openqa.selenium.remote.http.W3CHttpResponseCodec.decode(W3CHttpResponseCodec.java:49)
at org.openqa.selenium.remote.HttpCommandExecutor.execute(HttpCommandExecutor.java:158)
at org.openqa.selenium.remote.service.DriverCommandExecutor.execute(DriverCommandExecutor.java:83)
at org.openqa.selenium.remote.RemoteWebDriver.execute(RemoteWebDriver.java:552)
at org.openqa.selenium.remote.RemoteWebDriver.execute(RemoteWebDriver.java:609)
at org.openqa.selenium.remote.RemoteWebDriver.getPageSource(RemoteWebDriver.java:438)
at com.edu.core.WebDriverEngine.isTextPresent(WebDriverEngine.java:107)
at com.edu.test.xuyingxin.Login_x.test2(Login_x.java:74)
... Removed 29 stack frames]]>
    </failure>
  </testcase> <!-- test2 -->
  <testcase name="test2" time="0.011" classname="com.edu.test.xuyingxin.Login_x">
    <failure type="org.openqa.selenium.NoSuchSessionException" message="Tried to run command without establishing a connection
Build info: version: &amp;apos;3.141.59&amp;apos;, revision: &amp;apos;e82be7d358&amp;apos;, time: &amp;apos;2018-11-14T08:25:53&amp;apos;
System info: host: &amp;apos;WANGWENTING1117&amp;apos;, ip: &amp;apos;169.254.7.175&amp;apos;, os.name: &amp;apos;Windows 10&amp;apos;, os.arch: &amp;apos;amd64&amp;apos;, os.version: &amp;apos;10.0&amp;apos;, java.version: &amp;apos;1.8.0_73&amp;apos;
Driver info: org.openqa.selenium.firefox.FirefoxDriver
Capabilities {acceptInsecureCerts: true, browserName: firefox, browserVersion: 71.0, javascriptEnabled: true, moz:accessibilityChecks: false, moz:buildID: 20191202093317, moz:geckodriverVersion: 0.24.0, moz:headless: false, moz:processID: 15256, moz:profile: C:\Users\Administrator\AppD..., moz:shutdownTimeout: 60000, moz:useNonSpecCompliantPointerOrigin: false, moz:webdriverClick: true, pageLoadStrategy: normal, platform: WINDOWS, platformName: WINDOWS, platformVersion: 10.0, rotatable: false, setWindowRect: true, strictFileInteractability: false, timeouts: {implicit: 0, pageLoad: 300000, script: 30000}, unhandledPromptBehavior: dismiss and notify}
Session ID: bc0f3db3-ffa2-43ee-baa3-547302705176">
      <![CDATA[org.openqa.selenium.NoSuchSessionException: Tried to run command without establishing a connection
Build info: version: '3.141.59', revision: 'e82be7d358', time: '2018-11-14T08:25:53'
System info: host: 'WANGWENTING1117', ip: '169.254.7.175', os.name: 'Windows 10', os.arch: 'amd64', os.version: '10.0', java.version: '1.8.0_73'
Driver info: org.openqa.selenium.firefox.FirefoxDriver
Capabilities {acceptInsecureCerts: true, browserName: firefox, browserVersion: 71.0, javascriptEnabled: true, moz:accessibilityChecks: false, moz:buildID: 20191202093317, moz:geckodriverVersion: 0.24.0, moz:headless: false, moz:processID: 15256, moz:profile: C:\Users\Administrator\AppD..., moz:shutdownTimeout: 60000, moz:useNonSpecCompliantPointerOrigin: false, moz:webdriverClick: true, pageLoadStrategy: normal, platform: WINDOWS, platformName: WINDOWS, platformVersion: 10.0, rotatable: false, setWindowRect: true, strictFileInteractability: false, timeouts: {implicit: 0, pageLoad: 300000, script: 30000}, unhandledPromptBehavior: dismiss and notify}
Session ID: bc0f3db3-ffa2-43ee-baa3-547302705176
at org.openqa.selenium.remote.http.W3CHttpResponseCodec.createException(W3CHttpResponseCodec.java:187)
at org.openqa.selenium.remote.http.W3CHttpResponseCodec.decode(W3CHttpResponseCodec.java:122)
at org.openqa.selenium.remote.http.W3CHttpResponseCodec.decode(W3CHttpResponseCodec.java:49)
at org.openqa.selenium.remote.HttpCommandExecutor.execute(HttpCommandExecutor.java:158)
at org.openqa.selenium.remote.service.DriverCommandExecutor.execute(DriverCommandExecutor.java:83)
at org.openqa.selenium.remote.RemoteWebDriver.execute(RemoteWebDriver.java:552)
at org.openqa.selenium.remote.RemoteWebDriver.execute(RemoteWebDriver.java:609)
at org.openqa.selenium.remote.RemoteWebDriver.getPageSource(RemoteWebDriver.java:438)
at com.edu.core.WebDriverEngine.isTextPresent(WebDriverEngine.java:107)
at com.edu.test.xuyingxin.Login_x.test2(Login_x.java:74)
... Removed 28 stack frames]]>
    </failure>
  </testcase> <!-- test2 -->
  <testcase name="test2" time="0.012" classname="com.edu.test.xuyingxin.Login_x">
    <failure type="org.openqa.selenium.NoSuchSessionException" message="Tried to run command without establishing a connection
Build info: version: &amp;apos;3.141.59&amp;apos;, revision: &amp;apos;e82be7d358&amp;apos;, time: &amp;apos;2018-11-14T08:25:53&amp;apos;
System info: host: &amp;apos;WANGWENTING1117&amp;apos;, ip: &amp;apos;169.254.7.175&amp;apos;, os.name: &amp;apos;Windows 10&amp;apos;, os.arch: &amp;apos;amd64&amp;apos;, os.version: &amp;apos;10.0&amp;apos;, java.version: &amp;apos;1.8.0_73&amp;apos;
Driver info: org.openqa.selenium.firefox.FirefoxDriver
Capabilities {acceptInsecureCerts: true, browserName: firefox, browserVersion: 71.0, javascriptEnabled: true, moz:accessibilityChecks: false, moz:buildID: 20191202093317, moz:geckodriverVersion: 0.24.0, moz:headless: false, moz:processID: 15256, moz:profile: C:\Users\Administrator\AppD..., moz:shutdownTimeout: 60000, moz:useNonSpecCompliantPointerOrigin: false, moz:webdriverClick: true, pageLoadStrategy: normal, platform: WINDOWS, platformName: WINDOWS, platformVersion: 10.0, rotatable: false, setWindowRect: true, strictFileInteractability: false, timeouts: {implicit: 0, pageLoad: 300000, script: 30000}, unhandledPromptBehavior: dismiss and notify}
Session ID: bc0f3db3-ffa2-43ee-baa3-547302705176">
      <![CDATA[org.openqa.selenium.NoSuchSessionException: Tried to run command without establishing a connection
Build info: version: '3.141.59', revision: 'e82be7d358', time: '2018-11-14T08:25:53'
System info: host: 'WANGWENTING1117', ip: '169.254.7.175', os.name: 'Windows 10', os.arch: 'amd64', os.version: '10.0', java.version: '1.8.0_73'
Driver info: org.openqa.selenium.firefox.FirefoxDriver
Capabilities {acceptInsecureCerts: true, browserName: firefox, browserVersion: 71.0, javascriptEnabled: true, moz:accessibilityChecks: false, moz:buildID: 20191202093317, moz:geckodriverVersion: 0.24.0, moz:headless: false, moz:processID: 15256, moz:profile: C:\Users\Administrator\AppD..., moz:shutdownTimeout: 60000, moz:useNonSpecCompliantPointerOrigin: false, moz:webdriverClick: true, pageLoadStrategy: normal, platform: WINDOWS, platformName: WINDOWS, platformVersion: 10.0, rotatable: false, setWindowRect: true, strictFileInteractability: false, timeouts: {implicit: 0, pageLoad: 300000, script: 30000}, unhandledPromptBehavior: dismiss and notify}
Session ID: bc0f3db3-ffa2-43ee-baa3-547302705176
at org.openqa.selenium.remote.http.W3CHttpResponseCodec.createException(W3CHttpResponseCodec.java:187)
at org.openqa.selenium.remote.http.W3CHttpResponseCodec.decode(W3CHttpResponseCodec.java:122)
at org.openqa.selenium.remote.http.W3CHttpResponseCodec.decode(W3CHttpResponseCodec.java:49)
at org.openqa.selenium.remote.HttpCommandExecutor.execute(HttpCommandExecutor.java:158)
at org.openqa.selenium.remote.service.DriverCommandExecutor.execute(DriverCommandExecutor.java:83)
at org.openqa.selenium.remote.RemoteWebDriver.execute(RemoteWebDriver.java:552)
at org.openqa.selenium.remote.RemoteWebDriver.execute(RemoteWebDriver.java:609)
at org.openqa.selenium.remote.RemoteWebDriver.getPageSource(RemoteWebDriver.java:438)
at com.edu.core.WebDriverEngine.isTextPresent(WebDriverEngine.java:107)
at com.edu.test.xuyingxin.Login_x.test2(Login_x.java:74)
... Removed 28 stack frames]]>
    </failure>
  </testcase> <!-- test2 -->
  <testcase name="testLogin" time="0.007" classname="com.edu.test.xuyingxin.Login_x">
    <failure type="org.openqa.selenium.NoSuchSessionException" message="Tried to run command without establishing a connection
Build info: version: &amp;apos;3.141.59&amp;apos;, revision: &amp;apos;e82be7d358&amp;apos;, time: &amp;apos;2018-11-14T08:25:53&amp;apos;
System info: host: &amp;apos;WANGWENTING1117&amp;apos;, ip: &amp;apos;169.254.7.175&amp;apos;, os.name: &amp;apos;Windows 10&amp;apos;, os.arch: &amp;apos;amd64&amp;apos;, os.version: &amp;apos;10.0&amp;apos;, java.version: &amp;apos;1.8.0_73&amp;apos;
Driver info: org.openqa.selenium.firefox.FirefoxDriver
Capabilities {acceptInsecureCerts: true, browserName: firefox, browserVersion: 71.0, javascriptEnabled: true, moz:accessibilityChecks: false, moz:buildID: 20191202093317, moz:geckodriverVersion: 0.24.0, moz:headless: false, moz:processID: 15256, moz:profile: C:\Users\Administrator\AppD..., moz:shutdownTimeout: 60000, moz:useNonSpecCompliantPointerOrigin: false, moz:webdriverClick: true, pageLoadStrategy: normal, platform: WINDOWS, platformName: WINDOWS, platformVersion: 10.0, rotatable: false, setWindowRect: true, strictFileInteractability: false, timeouts: {implicit: 0, pageLoad: 300000, script: 30000}, unhandledPromptBehavior: dismiss and notify}
Session ID: bc0f3db3-ffa2-43ee-baa3-547302705176">
      <![CDATA[org.openqa.selenium.NoSuchSessionException: Tried to run command without establishing a connection
Build info: version: '3.141.59', revision: 'e82be7d358', time: '2018-11-14T08:25:53'
System info: host: 'WANGWENTING1117', ip: '169.254.7.175', os.name: 'Windows 10', os.arch: 'amd64', os.version: '10.0', java.version: '1.8.0_73'
Driver info: org.openqa.selenium.firefox.FirefoxDriver
Capabilities {acceptInsecureCerts: true, browserName: firefox, browserVersion: 71.0, javascriptEnabled: true, moz:accessibilityChecks: false, moz:buildID: 20191202093317, moz:geckodriverVersion: 0.24.0, moz:headless: false, moz:processID: 15256, moz:profile: C:\Users\Administrator\AppD..., moz:shutdownTimeout: 60000, moz:useNonSpecCompliantPointerOrigin: false, moz:webdriverClick: true, pageLoadStrategy: normal, platform: WINDOWS, platformName: WINDOWS, platformVersion: 10.0, rotatable: false, setWindowRect: true, strictFileInteractability: false, timeouts: {implicit: 0, pageLoad: 300000, script: 30000}, unhandledPromptBehavior: dismiss and notify}
Session ID: bc0f3db3-ffa2-43ee-baa3-547302705176
at org.openqa.selenium.remote.http.W3CHttpResponseCodec.createException(W3CHttpResponseCodec.java:187)
at org.openqa.selenium.remote.http.W3CHttpResponseCodec.decode(W3CHttpResponseCodec.java:122)
at org.openqa.selenium.remote.http.W3CHttpResponseCodec.decode(W3CHttpResponseCodec.java:49)
at org.openqa.selenium.remote.HttpCommandExecutor.execute(HttpCommandExecutor.java:158)
at org.openqa.selenium.remote.service.DriverCommandExecutor.execute(DriverCommandExecutor.java:83)
at org.openqa.selenium.remote.RemoteWebDriver.execute(RemoteWebDriver.java:552)
at org.openqa.selenium.remote.RemoteWebDriver.execute(RemoteWebDriver.java:609)
at org.openqa.selenium.remote.RemoteWebDriver.getPageSource(RemoteWebDriver.java:438)
at com.edu.core.WebDriverEngine.ifContains(WebDriverEngine.java:297)
at com.edu.test.xuyingxin.Login_x.testLogin(Login_x.java:84)
... Removed 28 stack frames]]>
    </failure>
  </testcase> <!-- testLogin -->
</testsuite> <!-- wordpress -->
