<?xml version="1.0" encoding="UTF-8"?>
<!-- Generated by org.testng.reporters.JUnitXMLReporter -->
<testsuite hostname="wangwenting1117" ignored="0" name="zhangpengyu" tests="67" failures="0" timestamp="17 十二月 2019 02:58:54 GMT" time="119.792" errors="0">
  <testcase name="@AfterMethod log_out" time="9.313" classname="com.edu.test.Login">
    <failure type="org.openqa.selenium.WebDriverException" message="Reached error page: about:neterror?e=dnsNotFound&amp;amp;u=http%3A//wp-login.php/%3Floggedout%3Dtrue&amp;amp;c=UTF-8&amp;amp;f=regular&amp;amp;d=%E6%88%91%E4%BB%AC%E6%97%A0%E6%B3%95%E8%BF%9E%E6%8E%A5%E8%87%B3%20wp-login.php%20%E7%9A%84%E6%9C%8D%E5%8A%A1%E5%99%A8%E3%80%82
Build info: version: &amp;apos;3.141.59&amp;apos;, revision: &amp;apos;e82be7d358&amp;apos;, time: &amp;apos;2018-11-14T08:25:53&amp;apos;
System info: host: &amp;apos;WANGWENTING1117&amp;apos;, ip: &amp;apos;169.254.7.175&amp;apos;, os.name: &amp;apos;Windows 10&amp;apos;, os.arch: &amp;apos;amd64&amp;apos;, os.version: &amp;apos;10.0&amp;apos;, java.version: &amp;apos;1.8.0_73&amp;apos;
Driver info: org.openqa.selenium.firefox.FirefoxDriver
Capabilities {acceptInsecureCerts: true, browserName: firefox, browserVersion: 71.0, javascriptEnabled: true, moz:accessibilityChecks: false, moz:buildID: 20191202093317, moz:geckodriverVersion: 0.24.0, moz:headless: false, moz:processID: 7428, moz:profile: C:\Users\Administrator\AppD..., moz:shutdownTimeout: 60000, moz:useNonSpecCompliantPointerOrigin: false, moz:webdriverClick: true, pageLoadStrategy: normal, platform: WINDOWS, platformName: WINDOWS, platformVersion: 10.0, rotatable: false, setWindowRect: true, strictFileInteractability: false, timeouts: {implicit: 0, pageLoad: 300000, script: 30000}, unhandledPromptBehavior: dismiss and notify}
Session ID: e2eacf6c-7603-4872-a880-edb14364c7e9">
      <![CDATA[org.openqa.selenium.WebDriverException: Reached error page: about:neterror?e=dnsNotFound&u=http%3A//wp-login.php/%3Floggedout%3Dtrue&c=UTF-8&f=regular&d=%E6%88%91%E4%BB%AC%E6%97%A0%E6%B3%95%E8%BF%9E%E6%8E%A5%E8%87%B3%20wp-login.php%20%E7%9A%84%E6%9C%8D%E5%8A%A1%E5%99%A8%E3%80%82
Build info: version: '3.141.59', revision: 'e82be7d358', time: '2018-11-14T08:25:53'
System info: host: 'WANGWENTING1117', ip: '169.254.7.175', os.name: 'Windows 10', os.arch: 'amd64', os.version: '10.0', java.version: '1.8.0_73'
Driver info: org.openqa.selenium.firefox.FirefoxDriver
Capabilities {acceptInsecureCerts: true, browserName: firefox, browserVersion: 71.0, javascriptEnabled: true, moz:accessibilityChecks: false, moz:buildID: 20191202093317, moz:geckodriverVersion: 0.24.0, moz:headless: false, moz:processID: 7428, moz:profile: C:\Users\Administrator\AppD..., moz:shutdownTimeout: 60000, moz:useNonSpecCompliantPointerOrigin: false, moz:webdriverClick: true, pageLoadStrategy: normal, platform: WINDOWS, platformName: WINDOWS, platformVersion: 10.0, rotatable: false, setWindowRect: true, strictFileInteractability: false, timeouts: {implicit: 0, pageLoad: 300000, script: 30000}, unhandledPromptBehavior: dismiss and notify}
Session ID: e2eacf6c-7603-4872-a880-edb14364c7e9
at org.openqa.selenium.remote.http.W3CHttpResponseCodec.createException(W3CHttpResponseCodec.java:187)
at org.openqa.selenium.remote.http.W3CHttpResponseCodec.decode(W3CHttpResponseCodec.java:122)
at org.openqa.selenium.remote.http.W3CHttpResponseCodec.decode(W3CHttpResponseCodec.java:49)
at org.openqa.selenium.remote.HttpCommandExecutor.execute(HttpCommandExecutor.java:158)
at org.openqa.selenium.remote.service.DriverCommandExecutor.execute(DriverCommandExecutor.java:83)
at org.openqa.selenium.remote.RemoteWebDriver.execute(RemoteWebDriver.java:552)
at org.openqa.selenium.remote.RemoteWebElement.execute(RemoteWebElement.java:285)
at org.openqa.selenium.remote.RemoteWebElement.click(RemoteWebElement.java:84)
at com.edu.core.WebDriverEngine.click(WebDriverEngine.java:140)
at com.edu.test.Login.log_out(Login.java:46)
... Removed 32 stack frames]]>
    </failure>
  </testcase> <!-- @AfterMethod log_out -->
  <testcase name="@BeforeMethod login" time="0.0" classname="com.edu.test.Login">
    <skipped/>
  </testcase> <!-- @BeforeMethod login -->
  <testcase name="@AfterMethod log_out" time="0.0" classname="com.edu.test.Login">
    <skipped/>
  </testcase> <!-- @AfterMethod log_out -->
  <testcase name="@BeforeMethod login" time="0.0" classname="com.edu.test.Login">
    <skipped/>
  </testcase> <!-- @BeforeMethod login -->
  <testcase name="@AfterMethod log_out" time="0.0" classname="com.edu.test.Login">
    <skipped/>
  </testcase> <!-- @AfterMethod log_out -->
  <testcase name="@BeforeMethod login" time="0.0" classname="com.edu.test.Login">
    <skipped/>
  </testcase> <!-- @BeforeMethod login -->
  <testcase name="@AfterMethod log_out" time="0.0" classname="com.edu.test.Login">
    <skipped/>
  </testcase> <!-- @AfterMethod log_out -->
  <testcase name="@BeforeMethod login" time="0.0" classname="com.edu.test.Login">
    <skipped/>
  </testcase> <!-- @BeforeMethod login -->
  <testcase name="@AfterMethod log_out" time="0.0" classname="com.edu.test.Login">
    <skipped/>
  </testcase> <!-- @AfterMethod log_out -->
  <testcase name="@BeforeMethod login" time="0.0" classname="com.edu.test.Login">
    <skipped/>
  </testcase> <!-- @BeforeMethod login -->
  <testcase name="@AfterMethod log_out" time="0.0" classname="com.edu.test.Login">
    <skipped/>
  </testcase> <!-- @AfterMethod log_out -->
  <testcase name="@BeforeMethod login" time="0.0" classname="com.edu.test.Login">
    <skipped/>
  </testcase> <!-- @BeforeMethod login -->
  <testcase name="@AfterMethod log_out" time="0.0" classname="com.edu.test.Login">
    <skipped/>
  </testcase> <!-- @AfterMethod log_out -->
  <testcase name="@BeforeMethod login" time="0.0" classname="com.edu.test.Login">
    <skipped/>
  </testcase> <!-- @BeforeMethod login -->
  <testcase name="@AfterMethod log_out" time="0.0" classname="com.edu.test.Login">
    <skipped/>
  </testcase> <!-- @AfterMethod log_out -->
  <testcase name="@BeforeMethod login" time="0.0" classname="com.edu.test.Login">
    <skipped/>
  </testcase> <!-- @BeforeMethod login -->
  <testcase name="@AfterMethod log_out" time="0.0" classname="com.edu.test.Login">
    <skipped/>
  </testcase> <!-- @AfterMethod log_out -->
  <testcase name="@BeforeMethod login" time="0.0" classname="com.edu.test.Login">
    <skipped/>
  </testcase> <!-- @BeforeMethod login -->
  <testcase name="@AfterMethod log_out" time="0.0" classname="com.edu.test.Login">
    <skipped/>
  </testcase> <!-- @AfterMethod log_out -->
  <testcase name="@BeforeMethod login" time="0.0" classname="com.edu.test.Login">
    <skipped/>
  </testcase> <!-- @BeforeMethod login -->
  <testcase name="@AfterMethod log_out" time="0.0" classname="com.edu.test.Login">
    <skipped/>
  </testcase> <!-- @AfterMethod log_out -->
  <testcase name="@BeforeMethod login" time="0.0" classname="com.edu.test.Login">
    <skipped/>
  </testcase> <!-- @BeforeMethod login -->
  <testcase name="@AfterMethod log_out" time="0.0" classname="com.edu.test.Login">
    <skipped/>
  </testcase> <!-- @AfterMethod log_out -->
  <testcase name="@BeforeMethod login" time="0.0" classname="com.edu.test.Login">
    <skipped/>
  </testcase> <!-- @BeforeMethod login -->
  <testcase name="@AfterMethod log_out" time="0.0" classname="com.edu.test.Login">
    <skipped/>
  </testcase> <!-- @AfterMethod log_out -->
  <testcase name="@BeforeMethod login" time="0.0" classname="com.edu.test.Login">
    <skipped/>
  </testcase> <!-- @BeforeMethod login -->
  <testcase name="@AfterMethod log_out" time="0.0" classname="com.edu.test.Login">
    <skipped/>
  </testcase> <!-- @AfterMethod log_out -->
  <testcase name="@BeforeMethod login" time="0.0" classname="com.edu.test.Login">
    <skipped/>
  </testcase> <!-- @BeforeMethod login -->
  <testcase name="@AfterMethod log_out" time="0.0" classname="com.edu.test.Login">
    <skipped/>
  </testcase> <!-- @AfterMethod log_out -->
  <testcase name="@BeforeMethod login" time="0.0" classname="com.edu.test.Login">
    <skipped/>
  </testcase> <!-- @BeforeMethod login -->
  <testcase name="@AfterMethod log_out" time="0.0" classname="com.edu.test.Login">
    <skipped/>
  </testcase> <!-- @AfterMethod log_out -->
  <testcase name="@BeforeMethod login" time="0.0" classname="com.edu.test.Login">
    <skipped/>
  </testcase> <!-- @BeforeMethod login -->
  <testcase name="@AfterMethod log_out" time="0.0" classname="com.edu.test.Login">
    <skipped/>
  </testcase> <!-- @AfterMethod log_out -->
  <testcase name="@BeforeMethod login" time="0.0" classname="com.edu.test.Login">
    <skipped/>
  </testcase> <!-- @BeforeMethod login -->
  <testcase name="@AfterMethod log_out" time="0.0" classname="com.edu.test.Login">
    <skipped/>
  </testcase> <!-- @AfterMethod log_out -->
  <testcase name="@BeforeMethod login" time="0.0" classname="com.edu.test.Login">
    <skipped/>
  </testcase> <!-- @BeforeMethod login -->
  <testcase name="@AfterMethod log_out" time="0.0" classname="com.edu.test.Login">
    <skipped/>
  </testcase> <!-- @AfterMethod log_out -->
  <testcase name="@BeforeMethod login" time="0.0" classname="com.edu.test.Login">
    <skipped/>
  </testcase> <!-- @BeforeMethod login -->
  <testcase name="@AfterMethod log_out" time="0.0" classname="com.edu.test.Login">
    <skipped/>
  </testcase> <!-- @AfterMethod log_out -->
  <testcase name="@BeforeMethod login" time="0.0" classname="com.edu.test.Login">
    <skipped/>
  </testcase> <!-- @BeforeMethod login -->
  <testcase name="@AfterMethod log_out" time="0.0" classname="com.edu.test.Login">
    <skipped/>
  </testcase> <!-- @AfterMethod log_out -->
  <testcase name="@BeforeMethod login" time="0.0" classname="com.edu.test.Login">
    <skipped/>
  </testcase> <!-- @BeforeMethod login -->
  <testcase name="@AfterMethod log_out" time="0.0" classname="com.edu.test.Login">
    <skipped/>
  </testcase> <!-- @AfterMethod log_out -->
  <testcase name="@BeforeMethod login" time="0.0" classname="com.edu.test.Login">
    <skipped/>
  </testcase> <!-- @BeforeMethod login -->
  <testcase name="@AfterMethod log_out" time="0.0" classname="com.edu.test.Login">
    <skipped/>
  </testcase> <!-- @AfterMethod log_out -->
  <testcase name="@BeforeMethod login" time="0.0" classname="com.edu.test.Login">
    <skipped/>
  </testcase> <!-- @BeforeMethod login -->
  <testcase name="@AfterMethod log_out" time="0.0" classname="com.edu.test.Login">
    <skipped/>
  </testcase> <!-- @AfterMethod log_out -->
  <testcase name="@BeforeMethod login" time="0.0" classname="com.edu.test.Login">
    <skipped/>
  </testcase> <!-- @BeforeMethod login -->
  <testcase name="@AfterMethod log_out" time="0.0" classname="com.edu.test.Login">
    <skipped/>
  </testcase> <!-- @AfterMethod log_out -->
  <testcase name="@BeforeMethod login" time="0.0" classname="com.edu.test.Login">
    <skipped/>
  </testcase> <!-- @BeforeMethod login -->
  <testcase name="@AfterMethod log_out" time="0.0" classname="com.edu.test.Login">
    <skipped/>
  </testcase> <!-- @AfterMethod log_out -->
  <testcase name="@BeforeMethod login" time="0.0" classname="com.edu.test.Login">
    <skipped/>
  </testcase> <!-- @BeforeMethod login -->
  <testcase name="@AfterMethod log_out" time="0.0" classname="com.edu.test.Login">
    <skipped/>
  </testcase> <!-- @AfterMethod log_out -->
  <testcase name="@BeforeMethod login" time="0.0" classname="com.edu.test.Login">
    <skipped/>
  </testcase> <!-- @BeforeMethod login -->
  <testcase name="@AfterMethod log_out" time="0.0" classname="com.edu.test.Login">
    <skipped/>
  </testcase> <!-- @AfterMethod log_out -->
  <testcase name="@BeforeMethod login" time="0.0" classname="com.edu.test.Login">
    <skipped/>
  </testcase> <!-- @BeforeMethod login -->
  <testcase name="@AfterMethod log_out" time="0.0" classname="com.edu.test.Login">
    <skipped/>
  </testcase> <!-- @AfterMethod log_out -->
  <testcase name="@BeforeMethod login" time="0.0" classname="com.edu.test.Login">
    <skipped/>
  </testcase> <!-- @BeforeMethod login -->
  <testcase name="@AfterMethod log_out" time="0.0" classname="com.edu.test.Login">
    <skipped/>
  </testcase> <!-- @AfterMethod log_out -->
  <testcase name="@BeforeMethod login" time="0.0" classname="com.edu.test.Login">
    <skipped/>
  </testcase> <!-- @BeforeMethod login -->
  <testcase name="@AfterMethod log_out" time="0.0" classname="com.edu.test.Login">
    <skipped/>
  </testcase> <!-- @AfterMethod log_out -->
  <testcase name="@BeforeMethod login" time="0.0" classname="com.edu.test.Login">
    <skipped/>
  </testcase> <!-- @BeforeMethod login -->
  <testcase name="@AfterMethod log_out" time="0.0" classname="com.edu.test.Login">
    <skipped/>
  </testcase> <!-- @AfterMethod log_out -->
  <testcase name="@BeforeMethod login" time="0.0" classname="com.edu.test.Login">
    <skipped/>
  </testcase> <!-- @BeforeMethod login -->
  <testcase name="@AfterMethod log_out" time="0.0" classname="com.edu.test.Login">
    <skipped/>
  </testcase> <!-- @AfterMethod log_out -->
  <testcase name="@BeforeMethod login" time="0.0" classname="com.edu.test.Login">
    <skipped/>
  </testcase> <!-- @BeforeMethod login -->
  <testcase name="@AfterMethod log_out" time="0.0" classname="com.edu.test.Login">
    <skipped/>
  </testcase> <!-- @AfterMethod log_out -->
  <testcase name="@BeforeMethod login" time="0.0" classname="com.edu.test.Login">
    <skipped/>
  </testcase> <!-- @BeforeMethod login -->
  <testcase name="@AfterMethod log_out" time="0.0" classname="com.edu.test.Login">
    <skipped/>
  </testcase> <!-- @AfterMethod log_out -->
  <testcase name="@BeforeMethod login" time="0.0" classname="com.edu.test.Login">
    <skipped/>
  </testcase> <!-- @BeforeMethod login -->
  <testcase name="@AfterMethod log_out" time="0.0" classname="com.edu.test.Login">
    <skipped/>
  </testcase> <!-- @AfterMethod log_out -->
  <testcase name="@BeforeMethod login" time="0.0" classname="com.edu.test.Login">
    <skipped/>
  </testcase> <!-- @BeforeMethod login -->
  <testcase name="@AfterMethod log_out" time="0.0" classname="com.edu.test.Login">
    <skipped/>
  </testcase> <!-- @AfterMethod log_out -->
  <testcase name="@BeforeMethod login" time="0.0" classname="com.edu.test.Login">
    <skipped/>
  </testcase> <!-- @BeforeMethod login -->
  <testcase name="@AfterMethod log_out" time="0.0" classname="com.edu.test.Login">
    <skipped/>
  </testcase> <!-- @AfterMethod log_out -->
  <testcase name="@BeforeMethod login" time="0.0" classname="com.edu.test.Login">
    <skipped/>
  </testcase> <!-- @BeforeMethod login -->
  <testcase name="@AfterMethod log_out" time="0.0" classname="com.edu.test.Login">
    <skipped/>
  </testcase> <!-- @AfterMethod log_out -->
  <testcase name="@BeforeMethod login" time="0.0" classname="com.edu.test.Login">
    <skipped/>
  </testcase> <!-- @BeforeMethod login -->
  <testcase name="@AfterMethod log_out" time="0.0" classname="com.edu.test.Login">
    <skipped/>
  </testcase> <!-- @AfterMethod log_out -->
  <testcase name="@BeforeMethod login" time="0.0" classname="com.edu.test.Login">
    <skipped/>
  </testcase> <!-- @BeforeMethod login -->
  <testcase name="@AfterMethod log_out" time="0.0" classname="com.edu.test.Login">
    <skipped/>
  </testcase> <!-- @AfterMethod log_out -->
  <testcase name="@BeforeMethod login" time="0.0" classname="com.edu.test.Login">
    <skipped/>
  </testcase> <!-- @BeforeMethod login -->
  <testcase name="@AfterMethod log_out" time="0.0" classname="com.edu.test.Login">
    <skipped/>
  </testcase> <!-- @AfterMethod log_out -->
  <testcase name="@BeforeMethod login" time="0.0" classname="com.edu.test.Login">
    <skipped/>
  </testcase> <!-- @BeforeMethod login -->
  <testcase name="@AfterMethod log_out" time="0.0" classname="com.edu.test.Login">
    <skipped/>
  </testcase> <!-- @AfterMethod log_out -->
  <testcase name="@BeforeMethod login" time="0.0" classname="com.edu.test.Login">
    <skipped/>
  </testcase> <!-- @BeforeMethod login -->
  <testcase name="@AfterMethod log_out" time="0.0" classname="com.edu.test.Login">
    <skipped/>
  </testcase> <!-- @AfterMethod log_out -->
  <testcase name="@BeforeMethod login" time="0.0" classname="com.edu.test.Login">
    <skipped/>
  </testcase> <!-- @BeforeMethod login -->
  <testcase name="@AfterMethod log_out" time="0.0" classname="com.edu.test.Login">
    <skipped/>
  </testcase> <!-- @AfterMethod log_out -->
  <testcase name="@BeforeMethod login" time="0.0" classname="com.edu.test.Login">
    <skipped/>
  </testcase> <!-- @BeforeMethod login -->
  <testcase name="@AfterMethod log_out" time="0.0" classname="com.edu.test.Login">
    <skipped/>
  </testcase> <!-- @AfterMethod log_out -->
  <testcase name="@BeforeMethod login" time="0.0" classname="com.edu.test.Login">
    <skipped/>
  </testcase> <!-- @BeforeMethod login -->
  <testcase name="@AfterMethod log_out" time="0.0" classname="com.edu.test.Login">
    <skipped/>
  </testcase> <!-- @AfterMethod log_out -->
  <testcase name="@BeforeMethod login" time="0.0" classname="com.edu.test.Login">
    <skipped/>
  </testcase> <!-- @BeforeMethod login -->
  <testcase name="@AfterMethod log_out" time="0.0" classname="com.edu.test.Login">
    <skipped/>
  </testcase> <!-- @AfterMethod log_out -->
  <testcase name="@BeforeMethod login" time="0.0" classname="com.edu.test.Login">
    <skipped/>
  </testcase> <!-- @BeforeMethod login -->
  <testcase name="@AfterMethod log_out" time="0.0" classname="com.edu.test.Login">
    <skipped/>
  </testcase> <!-- @AfterMethod log_out -->
  <testcase name="@BeforeMethod login" time="0.0" classname="com.edu.test.Login">
    <skipped/>
  </testcase> <!-- @BeforeMethod login -->
  <testcase name="@AfterMethod log_out" time="0.0" classname="com.edu.test.Login">
    <skipped/>
  </testcase> <!-- @AfterMethod log_out -->
  <testcase name="@BeforeMethod login" time="0.0" classname="com.edu.test.Login">
    <skipped/>
  </testcase> <!-- @BeforeMethod login -->
  <testcase name="@AfterMethod log_out" time="0.0" classname="com.edu.test.Login">
    <skipped/>
  </testcase> <!-- @AfterMethod log_out -->
  <testcase name="@BeforeMethod login" time="0.0" classname="com.edu.test.Login">
    <skipped/>
  </testcase> <!-- @BeforeMethod login -->
  <testcase name="@AfterMethod log_out" time="0.0" classname="com.edu.test.Login">
    <skipped/>
  </testcase> <!-- @AfterMethod log_out -->
  <testcase name="@BeforeMethod login" time="0.0" classname="com.edu.test.Login">
    <skipped/>
  </testcase> <!-- @BeforeMethod login -->
  <testcase name="@AfterMethod log_out" time="0.0" classname="com.edu.test.Login">
    <skipped/>
  </testcase> <!-- @AfterMethod log_out -->
  <testcase name="@BeforeMethod login" time="0.0" classname="com.edu.test.Login">
    <skipped/>
  </testcase> <!-- @BeforeMethod login -->
  <testcase name="@AfterMethod log_out" time="0.0" classname="com.edu.test.Login">
    <skipped/>
  </testcase> <!-- @AfterMethod log_out -->
  <testcase name="@BeforeMethod login" time="0.0" classname="com.edu.test.Login">
    <skipped/>
  </testcase> <!-- @BeforeMethod login -->
  <testcase name="@AfterMethod log_out" time="0.0" classname="com.edu.test.Login">
    <skipped/>
  </testcase> <!-- @AfterMethod log_out -->
  <testcase name="@BeforeMethod login" time="0.0" classname="com.edu.test.Login">
    <skipped/>
  </testcase> <!-- @BeforeMethod login -->
  <testcase name="@AfterMethod log_out" time="0.0" classname="com.edu.test.Login">
    <skipped/>
  </testcase> <!-- @AfterMethod log_out -->
  <testcase name="@BeforeMethod login" time="0.0" classname="com.edu.test.Login">
    <skipped/>
  </testcase> <!-- @BeforeMethod login -->
  <testcase name="@AfterMethod log_out" time="0.0" classname="com.edu.test.Login">
    <skipped/>
  </testcase> <!-- @AfterMethod log_out -->
  <testcase name="@BeforeMethod login" time="0.0" classname="com.edu.test.Login">
    <skipped/>
  </testcase> <!-- @BeforeMethod login -->
  <testcase name="@AfterMethod log_out" time="0.0" classname="com.edu.test.Login">
    <skipped/>
  </testcase> <!-- @AfterMethod log_out -->
  <testcase name="@BeforeMethod login" time="0.0" classname="com.edu.test.Login">
    <skipped/>
  </testcase> <!-- @BeforeMethod login -->
  <testcase name="@AfterMethod log_out" time="0.0" classname="com.edu.test.Login">
    <skipped/>
  </testcase> <!-- @AfterMethod log_out -->
  <testcase name="@BeforeMethod login" time="0.0" classname="com.edu.test.Login">
    <skipped/>
  </testcase> <!-- @BeforeMethod login -->
  <testcase name="@AfterMethod log_out" time="0.0" classname="com.edu.test.Login">
    <skipped/>
  </testcase> <!-- @AfterMethod log_out -->
  <testcase name="@BeforeMethod login" time="0.0" classname="com.edu.test.Login">
    <skipped/>
  </testcase> <!-- @BeforeMethod login -->
  <testcase name="@AfterMethod log_out" time="0.0" classname="com.edu.test.Login">
    <skipped/>
  </testcase> <!-- @AfterMethod log_out -->
  <testcase name="@BeforeMethod login" time="0.0" classname="com.edu.test.Login">
    <skipped/>
  </testcase> <!-- @BeforeMethod login -->
  <testcase name="@AfterMethod log_out" time="0.0" classname="com.edu.test.Login">
    <skipped/>
  </testcase> <!-- @AfterMethod log_out -->
  <testcase name="@BeforeMethod login" time="0.0" classname="com.edu.test.Login">
    <skipped/>
  </testcase> <!-- @BeforeMethod login -->
  <testcase name="@AfterMethod log_out" time="0.0" classname="com.edu.test.Login">
    <skipped/>
  </testcase> <!-- @AfterMethod log_out -->
  <testcase name="@BeforeMethod login" time="0.0" classname="com.edu.test.Login">
    <skipped/>
  </testcase> <!-- @BeforeMethod login -->
  <testcase name="@AfterMethod log_out" time="0.0" classname="com.edu.test.Login">
    <skipped/>
  </testcase> <!-- @AfterMethod log_out -->
  <testcase name="@BeforeMethod login" time="0.0" classname="com.edu.test.Login">
    <skipped/>
  </testcase> <!-- @BeforeMethod login -->
  <testcase name="@AfterMethod log_out" time="0.0" classname="com.edu.test.Login">
    <skipped/>
  </testcase> <!-- @AfterMethod log_out -->
  <testcase name="test1" time="0.393" classname="com.edu.test.Login"/>
  <testcase name="test10" time="17.229" classname="com.edu.test.Login"/>
  <testcase name="test11" time="11.678" classname="com.edu.test.Login"/>
  <testcase name="test12" time="0.0" classname="com.edu.test.Login">
    <skipped/>
  </testcase> <!-- test12 -->
  <testcase name="test13" time="0.0" classname="com.edu.test.Login">
    <skipped/>
  </testcase> <!-- test13 -->
  <testcase name="test14" time="0.0" classname="com.edu.test.Login">
    <skipped/>
  </testcase> <!-- test14 -->
  <testcase name="test15" time="0.0" classname="com.edu.test.Login">
    <skipped/>
  </testcase> <!-- test15 -->
  <testcase name="test15" time="0.0" classname="com.edu.test.Login">
    <skipped/>
  </testcase> <!-- test15 -->
  <testcase name="test15" time="0.0" classname="com.edu.test.Login">
    <skipped/>
  </testcase> <!-- test15 -->
  <testcase name="test15" time="0.0" classname="com.edu.test.Login">
    <skipped/>
  </testcase> <!-- test15 -->
  <testcase name="test15" time="0.0" classname="com.edu.test.Login">
    <skipped/>
  </testcase> <!-- test15 -->
  <testcase name="test15" time="0.0" classname="com.edu.test.Login">
    <skipped/>
  </testcase> <!-- test15 -->
  <testcase name="test16" time="0.0" classname="com.edu.test.Login">
    <skipped/>
  </testcase> <!-- test16 -->
  <testcase name="test16" time="0.0" classname="com.edu.test.Login">
    <skipped/>
  </testcase> <!-- test16 -->
  <testcase name="test16" time="0.0" classname="com.edu.test.Login">
    <skipped/>
  </testcase> <!-- test16 -->
  <testcase name="test16" time="0.0" classname="com.edu.test.Login">
    <skipped/>
  </testcase> <!-- test16 -->
  <testcase name="test16" time="0.0" classname="com.edu.test.Login">
    <skipped/>
  </testcase> <!-- test16 -->
  <testcase name="test16" time="0.0" classname="com.edu.test.Login">
    <skipped/>
  </testcase> <!-- test16 -->
  <testcase name="test17" time="0.0" classname="com.edu.test.Login">
    <skipped/>
  </testcase> <!-- test17 -->
  <testcase name="test17" time="0.0" classname="com.edu.test.Login">
    <skipped/>
  </testcase> <!-- test17 -->
  <testcase name="test17" time="0.0" classname="com.edu.test.Login">
    <skipped/>
  </testcase> <!-- test17 -->
  <testcase name="test17" time="0.0" classname="com.edu.test.Login">
    <skipped/>
  </testcase> <!-- test17 -->
  <testcase name="test17" time="0.0" classname="com.edu.test.Login">
    <skipped/>
  </testcase> <!-- test17 -->
  <testcase name="test17" time="0.0" classname="com.edu.test.Login">
    <skipped/>
  </testcase> <!-- test17 -->
  <testcase name="test18" time="0.0" classname="com.edu.test.Login">
    <skipped/>
  </testcase> <!-- test18 -->
  <testcase name="test19" time="0.0" classname="com.edu.test.Login">
    <skipped/>
  </testcase> <!-- test19 -->
  <testcase name="test2" time="0.0" classname="com.edu.test.Login">
    <skipped/>
  </testcase> <!-- test2 -->
  <testcase name="test20" time="0.0" classname="com.edu.test.Login">
    <skipped/>
  </testcase> <!-- test20 -->
  <testcase name="test21" time="0.0" classname="com.edu.test.Login">
    <skipped/>
  </testcase> <!-- test21 -->
  <testcase name="test22" time="0.0" classname="com.edu.test.Login">
    <skipped/>
  </testcase> <!-- test22 -->
  <testcase name="test23" time="0.0" classname="com.edu.test.Login">
    <skipped/>
  </testcase> <!-- test23 -->
  <testcase name="test24" time="0.0" classname="com.edu.test.Login">
    <skipped/>
  </testcase> <!-- test24 -->
  <testcase name="test25" time="0.0" classname="com.edu.test.Login">
    <skipped/>
  </testcase> <!-- test25 -->
  <testcase name="test26" time="0.0" classname="com.edu.test.Login">
    <skipped/>
  </testcase> <!-- test26 -->
  <testcase name="test27" time="0.0" classname="com.edu.test.Login">
    <skipped/>
  </testcase> <!-- test27 -->
  <testcase name="test28" time="0.0" classname="com.edu.test.Login">
    <skipped/>
  </testcase> <!-- test28 -->
  <testcase name="test29" time="0.0" classname="com.edu.test.Login">
    <skipped/>
  </testcase> <!-- test29 -->
  <testcase name="test3" time="0.0" classname="com.edu.test.Login">
    <skipped/>
  </testcase> <!-- test3 -->
  <testcase name="test30" time="0.0" classname="com.edu.test.Login">
    <skipped/>
  </testcase> <!-- test30 -->
  <testcase name="test31" time="0.0" classname="com.edu.test.Login">
    <skipped/>
  </testcase> <!-- test31 -->
  <testcase name="test32" time="0.0" classname="com.edu.test.Login">
    <skipped/>
  </testcase> <!-- test32 -->
  <testcase name="test33" time="0.0" classname="com.edu.test.Login">
    <skipped/>
  </testcase> <!-- test33 -->
  <testcase name="test34" time="0.0" classname="com.edu.test.Login">
    <skipped/>
  </testcase> <!-- test34 -->
  <testcase name="test35" time="0.0" classname="com.edu.test.Login">
    <skipped/>
  </testcase> <!-- test35 -->
  <testcase name="test36" time="0.0" classname="com.edu.test.Login">
    <skipped/>
  </testcase> <!-- test36 -->
  <testcase name="test36" time="0.0" classname="com.edu.test.Login">
    <skipped/>
  </testcase> <!-- test36 -->
  <testcase name="test36" time="0.0" classname="com.edu.test.Login">
    <skipped/>
  </testcase> <!-- test36 -->
  <testcase name="test37" time="0.0" classname="com.edu.test.Login">
    <skipped/>
  </testcase> <!-- test37 -->
  <testcase name="test4" time="0.0" classname="com.edu.test.Login">
    <skipped/>
  </testcase> <!-- test4 -->
  <testcase name="test4" time="0.0" classname="com.edu.test.Login">
    <skipped/>
  </testcase> <!-- test4 -->
  <testcase name="test4" time="0.0" classname="com.edu.test.Login">
    <skipped/>
  </testcase> <!-- test4 -->
  <testcase name="test4" time="0.0" classname="com.edu.test.Login">
    <skipped/>
  </testcase> <!-- test4 -->
  <testcase name="test5" time="0.0" classname="com.edu.test.Login">
    <skipped/>
  </testcase> <!-- test5 -->
  <testcase name="test5" time="0.0" classname="com.edu.test.Login">
    <skipped/>
  </testcase> <!-- test5 -->
  <testcase name="test5" time="0.0" classname="com.edu.test.Login">
    <skipped/>
  </testcase> <!-- test5 -->
  <testcase name="test5" time="0.0" classname="com.edu.test.Login">
    <skipped/>
  </testcase> <!-- test5 -->
  <testcase name="test5" time="0.0" classname="com.edu.test.Login">
    <skipped/>
  </testcase> <!-- test5 -->
  <testcase name="test5" time="0.0" classname="com.edu.test.Login">
    <skipped/>
  </testcase> <!-- test5 -->
  <testcase name="test5" time="0.0" classname="com.edu.test.Login">
    <skipped/>
  </testcase> <!-- test5 -->
  <testcase name="test6" time="0.0" classname="com.edu.test.Login">
    <skipped/>
  </testcase> <!-- test6 -->
  <testcase name="test6" time="0.0" classname="com.edu.test.Login">
    <skipped/>
  </testcase> <!-- test6 -->
  <testcase name="test6" time="0.0" classname="com.edu.test.Login">
    <skipped/>
  </testcase> <!-- test6 -->
  <testcase name="test6" time="0.0" classname="com.edu.test.Login">
    <skipped/>
  </testcase> <!-- test6 -->
  <testcase name="test6" time="0.0" classname="com.edu.test.Login">
    <skipped/>
  </testcase> <!-- test6 -->
  <testcase name="test7" time="0.0" classname="com.edu.test.Login">
    <skipped/>
  </testcase> <!-- test7 -->
  <testcase name="test8" time="0.0" classname="com.edu.test.Login">
    <skipped/>
  </testcase> <!-- test8 -->
  <testcase name="test9" time="0.0" classname="com.edu.test.Login">
    <skipped/>
  </testcase> <!-- test9 -->
</testsuite> <!-- zhangpengyu -->
